

================================================================
== Vitis HLS Report for 'quad_frame_remapper_Pipeline_3'
================================================================
* Date:           Wed Feb 25 19:26:48 2026

* Version:        2025.1 (Build 6135595 on May 21 2025)
* Project:        hls_component
* Solution:       hls (Vivado IP Flow Target)
* Product family: zynq
* Target device:  xc7z020-clg400-1


================================================================
== Performance Estimates
================================================================
+ Timing: 
    * Summary: 
    +--------+----------+----------+------------+
    |  Clock |  Target  | Estimated| Uncertainty|
    +--------+----------+----------+------------+
    |ap_clk  |  10.00 ns|  7.300 ns|     2.70 ns|
    +--------+----------+----------+------------+

+ Latency: 
    * Summary: 
    +---------+---------+----------+----------+-----+-----+------------------------------------------------+
    |  Latency (cycles) |  Latency (absolute) |  Interval |                    Pipeline                    |
    |   min   |   max   |    min   |    max   | min | max |                      Type                      |
    +---------+---------+----------+----------+-----+-----+------------------------------------------------+
    |      363|      363|  3.630 us|  3.630 us|  361|  361|  loop auto-rewind stp (delay=0 clock cycles(s))|
    +---------+---------+----------+----------+-----+-----+------------------------------------------------+

    + Detail: 
        * Instance: 
        N/A

        * Loop: 
        +----------+---------+---------+----------+-----------+-----------+------+----------+
        |          |  Latency (cycles) | Iteration|  Initiation Interval  | Trip |          |
        | Loop Name|   min   |   max   |  Latency |  achieved |   target  | Count| Pipelined|
        +----------+---------+---------+----------+-----------+-----------+------+----------+
        |- Loop 1  |      361|      361|         3|          1|          1|   360|       yes|
        +----------+---------+---------+----------+-----------+-----------+------+----------+

============================================================
+ Verbose Summary: Synthesis Manager
============================================================
InlineROM: 1
ExposeGlobal: 0
============================================================
+ Verbose Summary: CDFG Model
============================================================
IsTopModel: 0
ResetActiveHigh: 1
IsCombinational: 0
IsDatapathOnly: 0
HasWiredReturn: 1
HasMFsm: 2
HasVarLatency: 1
IsPipeline: 0
IsRtlPipelined: 0
IsInstanceOverlapped: 0
IsDontTouch: 0
HasImplIP: 0
IsGatedGlobalClock: 0

+ Individual pipeline summary: 
  * Pipeline-0: initiation interval (II) = 1, depth = 3


============================================================
+ Verbose Summary: Schedule
============================================================
* Number of FSM states : 3
* Pipeline : 1
  Pipeline-0 : II = 1, D = 3, States = { 1 2 3 }
* Dataflow Pipeline: 0

* FSM state transitions: 
1 --> 2 
2 --> 3 
3 --> 

* FSM state operations: 

State 1 <SV = 0> <Delay = 4.99>
ST_1 : Operation 6 [1/1] (0.00ns)   --->   "%loop_index5 = alloca i32 1"   --->   Operation 6 'alloca' 'loop_index5' <Predicate = true> <Delay = 0.00>
ST_1 : Operation 7 [1/1] (0.00ns)   --->   "%sext_ln123_read = read i60 @_ssdm_op_Read.ap_auto.i60, i60 %sext_ln123"   --->   Operation 7 'read' 'sext_ln123_read' <Predicate = true> <Delay = 0.00>
ST_1 : Operation 8 [1/1] (0.00ns)   --->   "%sext_ln123_cast = sext i60 %sext_ln123_read"   --->   Operation 8 'sext' 'sext_ln123_cast' <Predicate = true> <Delay = 0.00>
ST_1 : Operation 9 [1/1] (0.00ns)   --->   "%specinterface_ln0 = specinterface void @_ssdm_op_SpecInterface, i128 %gmem0, void @empty, i32 0, i32 0, void @empty_0, i32 0, i32 388800, void @empty_1, void @empty_2, void @empty_0, i32 4, i32 16, i32 256, i32 16, void @empty_0, void @empty_0, i32 4294967295, i32 0, i32 0"   --->   Operation 9 'specinterface' 'specinterface_ln0' <Predicate = true> <Delay = 0.00>
ST_1 : Operation 10 [1/1] (1.58ns)   --->   "%store_ln0 = store i9 0, i9 %loop_index5"   --->   Operation 10 'store' 'store_ln0' <Predicate = true> <Delay = 1.58>
ST_1 : Operation 11 [1/1] (0.00ns)   --->   "%br_ln0 = br void %load-store-loop4"   --->   Operation 11 'br' 'br_ln0' <Predicate = true> <Delay = 0.00>
ST_1 : Operation 12 [1/1] (0.00ns)   --->   "%loop_index5_load = load i9 %loop_index5"   --->   Operation 12 'load' 'loop_index5_load' <Predicate = true> <Delay = 0.00>
ST_1 : Operation 13 [1/1] (0.00ns)   --->   "%specbitsmap_ln0 = specbitsmap void @_ssdm_op_SpecBitsMap, i128 %gmem0"   --->   Operation 13 'specbitsmap' 'specbitsmap_ln0' <Predicate = true> <Delay = 0.00>
ST_1 : Operation 14 [1/1] (1.82ns)   --->   "%exitcond9 = icmp_eq  i9 %loop_index5_load, i9 360"   --->   Operation 14 'icmp' 'exitcond9' <Predicate = true> <Delay = 1.82> <CoreInst = "Cmp">   --->   Core 9 'Cmp' <Latency = 0> <II = 1> <Delay = 1.82> <FuncUnit> <Opcode : 'seteq' 'setne' 'setle' 'setge' 'setlt' 'setgt'> <InPorts = 2> <OutPorts = 1>
ST_1 : Operation 15 [1/1] (1.82ns)   --->   "%empty = add i9 %loop_index5_load, i9 1"   --->   Operation 15 'add' 'empty' <Predicate = true> <Delay = 1.82> <CoreInst = "Adder">   --->   Core 1 'Adder' <Latency = 0> <II = 1> <Delay = 1.82> <FuncUnit> <Opcode : 'add' 'sub'> <InPorts = 2> <OutPorts = 1>
ST_1 : Operation 16 [1/1] (0.00ns)   --->   "%br_ln0 = br i1 %exitcond9, void %load-store-loop4.split, void %memset.loop.preheader.exitStub"   --->   Operation 16 'br' 'br_ln0' <Predicate = true> <Delay = 0.00>
ST_1 : Operation 17 [1/1] (1.58ns)   --->   "%store_ln0 = store i9 %empty, i9 %loop_index5"   --->   Operation 17 'store' 'store_ln0' <Predicate = (!exitcond9)> <Delay = 1.58>

State 2 <SV = 1> <Delay = 7.30>
ST_2 : Operation 18 [1/1] (0.00ns)   --->   "%gmem0_addr = getelementptr i128 %gmem0, i64 %sext_ln123_cast" [C:/quad_frame_remapper/quad_frame_remapper.cpp:123]   --->   Operation 18 'getelementptr' 'gmem0_addr' <Predicate = true> <Delay = 0.00>
ST_2 : Operation 19 [1/1] (7.30ns)   --->   "%gmem0_addr_read = read i128 @_ssdm_op_Read.m_axi.p1i128, i128 %gmem0_addr" [C:/quad_frame_remapper/quad_frame_remapper.cpp:123]   --->   Operation 19 'read' 'gmem0_addr_read' <Predicate = true> <Delay = 7.30> <CoreInst = "m_axi">   --->   Core 111 'm_axi' <Latency = 3> <II = 1> <Delay = 1.00> <Adapter> <Opcode : 'read' 'write' 'readreq' 'writereq' 'writeresp'>
ST_2 : Operation 26 [1/1] (1.58ns)   --->   "%ret_ln0 = ret"   --->   Operation 26 'ret' 'ret_ln0' <Predicate = (exitcond9)> <Delay = 1.58>

State 3 <SV = 2> <Delay = 3.25>
ST_3 : Operation 20 [1/1] (0.00ns)   --->   "%loop_index5_cast = zext i9 %loop_index5_load"   --->   Operation 20 'zext' 'loop_index5_cast' <Predicate = true> <Delay = 0.00>
ST_3 : Operation 21 [1/1] (0.00ns)   --->   "%specpipeline_ln0 = specpipeline void @_ssdm_op_SpecPipeline, i32 4294967295, i32 0, i32 0, i32 0, void @empty_0"   --->   Operation 21 'specpipeline' 'specpipeline_ln0' <Predicate = true> <Delay = 0.00>
ST_3 : Operation 22 [1/1] (0.00ns)   --->   "%speclooptripcount_ln0 = speclooptripcount void @_ssdm_op_SpecLoopTripCount, i64 360, i64 360, i64 360"   --->   Operation 22 'speclooptripcount' 'speclooptripcount_ln0' <Predicate = true> <Delay = 0.00>
ST_3 : Operation 23 [1/1] (0.00ns)   --->   "%line_buf_in_addr = getelementptr i128 %line_buf_in, i64 0, i64 %loop_index5_cast"   --->   Operation 23 'getelementptr' 'line_buf_in_addr' <Predicate = true> <Delay = 0.00>
ST_3 : Operation 24 [1/1] ( I:3.25ns O:3.25ns )   --->   "%store_ln123 = store i128 %gmem0_addr_read, i9 %line_buf_in_addr" [C:/quad_frame_remapper/quad_frame_remapper.cpp:123]   --->   Operation 24 'store' 'store_ln123' <Predicate = true> <Delay = 3.25> <CoreInst = "RAM_1WnR">   --->   Core 82 'RAM_1WnR' <Latency = 1> <II = 1> <Delay = 3.25> <Storage> <Opcode : 'load' 'store'> <Ports = 17> <Width = 128> <Depth = 360> <RAM>
ST_3 : Operation 25 [1/1] (0.00ns)   --->   "%br_ln0 = br void %load-store-loop4"   --->   Operation 25 'br' 'br_ln0' <Predicate = true> <Delay = 0.00>


============================================================
+ Verbose Summary: Binding
============================================================
STG Binding: 
---------------- STG Properties BEGIN ----------------
- Is combinational: 0
- Is one-state seq: 0
- Is datapath-only: 0
- Is pipelined: 0
- Is top level: 0
Port [ Return ] is wired: 1; IO mode=ap_ctrl_hs:ce=0
Port [ gmem0]:  wired=1; compound=1; hidden=0; nouse=0; global=0; static=0; extern=0; dir=0; type=4; pingpong=0; private_global=0; IO mode=m_axi:ce=0
Port [ sext_ln123]:  wired=1; compound=0; hidden=0; nouse=0; global=0; static=0; extern=0; dir=0; type=0; pingpong=0; private_global=0; IO mode=ap_none:ce=0
Port [ line_buf_in]:  wired=1; compound=1; hidden=0; nouse=0; global=0; static=0; extern=0; dir=1; type=1; pingpong=0; private_global=0; MemPort=[03333333333333333]; IO mode=ap_memory:ce=0
---------------- STG Properties END ------------------

---------------- Datapath Model BEGIN ----------------

<LifeTime>
<method=bitvector/>
loop_index5           (alloca           ) [ 0100]
sext_ln123_read       (read             ) [ 0000]
sext_ln123_cast       (sext             ) [ 0110]
specinterface_ln0     (specinterface    ) [ 0000]
store_ln0             (store            ) [ 0000]
br_ln0                (br               ) [ 0000]
loop_index5_load      (load             ) [ 0111]
specbitsmap_ln0       (specbitsmap      ) [ 0000]
exitcond9             (icmp             ) [ 0110]
empty                 (add              ) [ 0000]
br_ln0                (br               ) [ 0000]
store_ln0             (store            ) [ 0000]
gmem0_addr            (getelementptr    ) [ 0000]
gmem0_addr_read       (read             ) [ 0101]
loop_index5_cast      (zext             ) [ 0000]
specpipeline_ln0      (specpipeline     ) [ 0000]
speclooptripcount_ln0 (speclooptripcount) [ 0000]
line_buf_in_addr      (getelementptr    ) [ 0000]
store_ln123           (store            ) [ 0000]
br_ln0                (br               ) [ 0000]
ret_ln0               (ret              ) [ 0000]
</LifeTime>

<model>

<comp_list>
<comp id="0" class="1000" name="gmem0">
<pin_list>
<pin id="1" dir="1" index="0" bw="1" slack="0"/>
</pin_list>
<bind>
<StgValue><ssdm name="gmem0"/><MemPortTyVec>0 </MemPortTyVec>
</StgValue>
</bind>
</comp>

<comp id="2" class="1000" name="sext_ln123">
<pin_list>
<pin id="3" dir="1" index="0" bw="1" slack="0"/>
</pin_list>
<bind>
<StgValue><ssdm name="sext_ln123"/></StgValue>
</bind>
</comp>

<comp id="4" class="1000" name="line_buf_in">
<pin_list>
<pin id="5" dir="1" index="0" bw="1" slack="0"/>
</pin_list>
<bind>
<StgValue><ssdm name="line_buf_in"/><MemPortTyVec>0 3 3 3 3 3 3 3 3 3 3 3 3 3 3 3 3 </MemPortTyVec>
</StgValue>
</bind>
</comp>

<comp id="6" class="1001" name="const_6">
<pin_list>
<pin id="7" dir="1" index="0" bw="1" slack="0"/>
</pin_list>
<bind>
<StgValue><ssdm name=""/></StgValue>
</bind>
</comp>

<comp id="8" class="1001" name="const_8">
<pin_list>
<pin id="9" dir="1" index="0" bw="1" slack="0"/>
</pin_list>
<bind>
<StgValue><ssdm name="_ssdm_op_Read.ap_auto.i60"/></StgValue>
</bind>
</comp>

<comp id="10" class="1001" name="const_10">
<pin_list>
<pin id="11" dir="1" index="0" bw="1" slack="2147483647"/>
</pin_list>
<bind>
<StgValue><ssdm name="_ssdm_op_SpecInterface"/></StgValue>
</bind>
</comp>

<comp id="12" class="1001" name="const_12">
<pin_list>
<pin id="13" dir="1" index="0" bw="1" slack="2147483647"/>
</pin_list>
<bind>
<StgValue><ssdm name="empty"/></StgValue>
</bind>
</comp>

<comp id="14" class="1001" name="const_14">
<pin_list>
<pin id="15" dir="1" index="0" bw="1" slack="2147483647"/>
</pin_list>
<bind>
<StgValue><ssdm name=""/></StgValue>
</bind>
</comp>

<comp id="16" class="1001" name="const_16">
<pin_list>
<pin id="17" dir="1" index="0" bw="1" slack="2147483647"/>
</pin_list>
<bind>
<StgValue><ssdm name="empty_0"/></StgValue>
</bind>
</comp>

<comp id="18" class="1001" name="const_18">
<pin_list>
<pin id="19" dir="1" index="0" bw="1" slack="2147483647"/>
</pin_list>
<bind>
<StgValue><ssdm name=""/></StgValue>
</bind>
</comp>

<comp id="20" class="1001" name="const_20">
<pin_list>
<pin id="21" dir="1" index="0" bw="1" slack="2147483647"/>
</pin_list>
<bind>
<StgValue><ssdm name="empty_1"/></StgValue>
</bind>
</comp>

<comp id="22" class="1001" name="const_22">
<pin_list>
<pin id="23" dir="1" index="0" bw="1" slack="2147483647"/>
</pin_list>
<bind>
<StgValue><ssdm name="empty_2"/></StgValue>
</bind>
</comp>

<comp id="24" class="1001" name="const_24">
<pin_list>
<pin id="25" dir="1" index="0" bw="1" slack="2147483647"/>
</pin_list>
<bind>
<StgValue><ssdm name=""/></StgValue>
</bind>
</comp>

<comp id="26" class="1001" name="const_26">
<pin_list>
<pin id="27" dir="1" index="0" bw="1" slack="2147483647"/>
</pin_list>
<bind>
<StgValue><ssdm name=""/></StgValue>
</bind>
</comp>

<comp id="28" class="1001" name="const_28">
<pin_list>
<pin id="29" dir="1" index="0" bw="1" slack="2147483647"/>
</pin_list>
<bind>
<StgValue><ssdm name=""/></StgValue>
</bind>
</comp>

<comp id="30" class="1001" name="const_30">
<pin_list>
<pin id="31" dir="1" index="0" bw="1" slack="2147483647"/>
</pin_list>
<bind>
<StgValue><ssdm name=""/></StgValue>
</bind>
</comp>

<comp id="32" class="1001" name="const_32">
<pin_list>
<pin id="33" dir="1" index="0" bw="1" slack="0"/>
</pin_list>
<bind>
<StgValue><ssdm name=""/></StgValue>
</bind>
</comp>

<comp id="34" class="1001" name="const_34">
<pin_list>
<pin id="35" dir="1" index="0" bw="1" slack="2147483647"/>
</pin_list>
<bind>
<StgValue><ssdm name="_ssdm_op_SpecBitsMap"/></StgValue>
</bind>
</comp>

<comp id="36" class="1001" name="const_36">
<pin_list>
<pin id="37" dir="1" index="0" bw="1" slack="0"/>
</pin_list>
<bind>
<StgValue><ssdm name=""/></StgValue>
</bind>
</comp>

<comp id="38" class="1001" name="const_38">
<pin_list>
<pin id="39" dir="1" index="0" bw="1" slack="0"/>
</pin_list>
<bind>
<StgValue><ssdm name=""/></StgValue>
</bind>
</comp>

<comp id="40" class="1001" name="const_40">
<pin_list>
<pin id="41" dir="1" index="0" bw="1" slack="0"/>
</pin_list>
<bind>
<StgValue><ssdm name="_ssdm_op_Read.m_axi.p1i128"/></StgValue>
</bind>
</comp>

<comp id="42" class="1001" name="const_42">
<pin_list>
<pin id="43" dir="1" index="0" bw="1" slack="2147483647"/>
</pin_list>
<bind>
<StgValue><ssdm name="_ssdm_op_SpecPipeline"/></StgValue>
</bind>
</comp>

<comp id="44" class="1001" name="const_44">
<pin_list>
<pin id="45" dir="1" index="0" bw="1" slack="2147483647"/>
</pin_list>
<bind>
<StgValue><ssdm name="_ssdm_op_SpecLoopTripCount"/></StgValue>
</bind>
</comp>

<comp id="46" class="1001" name="const_46">
<pin_list>
<pin id="47" dir="1" index="0" bw="1" slack="2147483647"/>
</pin_list>
<bind>
<StgValue><ssdm name=""/></StgValue>
</bind>
</comp>

<comp id="48" class="1001" name="const_48">
<pin_list>
<pin id="49" dir="1" index="0" bw="1" slack="0"/>
</pin_list>
<bind>
<StgValue><ssdm name=""/></StgValue>
</bind>
</comp>

<comp id="50" class="1004" name="loop_index5_fu_50">
<pin_list>
<pin id="51" dir="0" index="0" bw="1" slack="0"/>
<pin id="52" dir="1" index="1" bw="9" slack="0"/>
</pin_list>
<bind>
<opcode="alloca(26) " fcode="alloca"/>
<opset="loop_index5/1 "/>
</bind>
</comp>

<comp id="54" class="1004" name="sext_ln123_read_read_fu_54">
<pin_list>
<pin id="55" dir="0" index="0" bw="60" slack="0"/>
<pin id="56" dir="0" index="1" bw="60" slack="0"/>
<pin id="57" dir="1" index="2" bw="60" slack="0"/>
</pin_list>
<bind>
<opcode="read(1150) " fcode="read"/>
<opset="sext_ln123_read/1 "/>
</bind>
</comp>

<comp id="60" class="1004" name="line_buf_in_addr_gep_fu_60">
<pin_list>
<pin id="61" dir="0" index="0" bw="128" slack="0"/>
<pin id="62" dir="0" index="1" bw="1" slack="0"/>
<pin id="63" dir="0" index="2" bw="9" slack="0"/>
<pin id="64" dir="1" index="3" bw="9" slack="0"/>
</pin_list>
<bind>
<opcode="getelementptr(29) " fcode="getelementptr"/>
<opset="line_buf_in_addr/3 "/>
</bind>
</comp>

<comp id="67" class="1004" name="store_ln123_access_fu_67">
<pin_list>
<pin id="68" dir="0" index="0" bw="9" slack="0"/>
<pin id="69" dir="0" index="1" bw="128" slack="1"/>
<pin id="70" dir="0" index="2" bw="0" slack="2147483647"/>
<pin id="71" dir="1" index="3" bw="128" slack="2147483647"/>
</pin_list>
<bind>
<opcode="store(28) " fcode="store"/>
<opset="store_ln123/3 "/>
</bind>
</comp>

<comp id="73" class="1004" name="gmem0_addr_read_read_fu_73">
<pin_list>
<pin id="74" dir="0" index="0" bw="128" slack="0"/>
<pin id="75" dir="0" index="1" bw="128" slack="0"/>
<pin id="76" dir="1" index="2" bw="128" slack="1"/>
</pin_list>
<bind>
<opcode="read(1150) " fcode="read"/>
<opset="gmem0_addr_read/2 "/>
</bind>
</comp>

<comp id="78" class="1004" name="sext_ln123_cast_fu_78">
<pin_list>
<pin id="79" dir="0" index="0" bw="60" slack="0"/>
<pin id="80" dir="1" index="1" bw="64" slack="1"/>
</pin_list>
<bind>
<opcode="sext(35) " fcode="sext"/>
<opset="sext_ln123_cast/1 "/>
</bind>
</comp>

<comp id="82" class="1004" name="store_ln0_store_fu_82">
<pin_list>
<pin id="83" dir="0" index="0" bw="1" slack="0"/>
<pin id="84" dir="0" index="1" bw="9" slack="0"/>
<pin id="85" dir="1" index="2" bw="0" slack="2147483647"/>
</pin_list>
<bind>
<opcode="store(28) " fcode="store"/>
<opset="store_ln0/1 "/>
</bind>
</comp>

<comp id="87" class="1004" name="loop_index5_load_load_fu_87">
<pin_list>
<pin id="88" dir="0" index="0" bw="9" slack="0"/>
<pin id="89" dir="1" index="1" bw="9" slack="0"/>
</pin_list>
<bind>
<opcode="load(27) " fcode="load"/>
<opset="loop_index5_load/1 "/>
</bind>
</comp>

<comp id="90" class="1004" name="exitcond9_fu_90">
<pin_list>
<pin id="91" dir="0" index="0" bw="9" slack="0"/>
<pin id="92" dir="0" index="1" bw="9" slack="0"/>
<pin id="93" dir="1" index="2" bw="1" slack="1"/>
</pin_list>
<bind>
<opcode="icmp(45) " fcode="icmp"/>
<opset="exitcond9/1 "/>
</bind>
</comp>

<comp id="96" class="1004" name="empty_fu_96">
<pin_list>
<pin id="97" dir="0" index="0" bw="9" slack="0"/>
<pin id="98" dir="0" index="1" bw="1" slack="0"/>
<pin id="99" dir="1" index="2" bw="9" slack="0"/>
</pin_list>
<bind>
<opcode="add(8) " fcode="add"/>
<opset="empty/1 "/>
</bind>
</comp>

<comp id="102" class="1004" name="store_ln0_store_fu_102">
<pin_list>
<pin id="103" dir="0" index="0" bw="9" slack="0"/>
<pin id="104" dir="0" index="1" bw="9" slack="0"/>
<pin id="105" dir="1" index="2" bw="0" slack="2147483647"/>
</pin_list>
<bind>
<opcode="store(28) " fcode="store"/>
<opset="store_ln0/1 "/>
</bind>
</comp>

<comp id="107" class="1004" name="gmem0_addr_fu_107">
<pin_list>
<pin id="108" dir="0" index="0" bw="128" slack="0"/>
<pin id="109" dir="0" index="1" bw="60" slack="1"/>
<pin id="110" dir="1" index="2" bw="128" slack="0"/>
</pin_list>
<bind>
<opcode="getelementptr(29) " fcode="getelementptr"/>
<opset="gmem0_addr/2 "/>
</bind>
</comp>

<comp id="113" class="1004" name="loop_index5_cast_fu_113">
<pin_list>
<pin id="114" dir="0" index="0" bw="9" slack="2"/>
<pin id="115" dir="1" index="1" bw="64" slack="0"/>
</pin_list>
<bind>
<opcode="zext(34) " fcode="zext"/>
<opset="loop_index5_cast/3 "/>
</bind>
</comp>

<comp id="117" class="1005" name="loop_index5_reg_117">
<pin_list>
<pin id="118" dir="0" index="0" bw="9" slack="0"/>
<pin id="119" dir="1" index="1" bw="9" slack="0"/>
</pin_list>
<bind>
<opset="loop_index5 "/>
</bind>
</comp>

<comp id="124" class="1005" name="sext_ln123_cast_reg_124">
<pin_list>
<pin id="125" dir="0" index="0" bw="64" slack="1"/>
<pin id="126" dir="1" index="1" bw="64" slack="1"/>
</pin_list>
<bind>
<opset="sext_ln123_cast "/>
</bind>
</comp>

<comp id="129" class="1005" name="loop_index5_load_reg_129">
<pin_list>
<pin id="130" dir="0" index="0" bw="9" slack="2"/>
<pin id="131" dir="1" index="1" bw="9" slack="2"/>
</pin_list>
<bind>
<opset="loop_index5_load "/>
</bind>
</comp>

<comp id="134" class="1005" name="exitcond9_reg_134">
<pin_list>
<pin id="135" dir="0" index="0" bw="1" slack="1"/>
<pin id="136" dir="1" index="1" bw="1" slack="2147483647"/>
</pin_list>
<bind>
<opset="exitcond9 "/>
</bind>
</comp>

<comp id="138" class="1005" name="gmem0_addr_read_reg_138">
<pin_list>
<pin id="139" dir="0" index="0" bw="128" slack="1"/>
<pin id="140" dir="1" index="1" bw="128" slack="1"/>
</pin_list>
<bind>
<opset="gmem0_addr_read "/>
</bind>
</comp>

</comp_list>

<net_list>
<net id="53"><net_src comp="6" pin="0"/><net_sink comp="50" pin=0"/></net>

<net id="58"><net_src comp="8" pin="0"/><net_sink comp="54" pin=0"/></net>

<net id="59"><net_src comp="2" pin="0"/><net_sink comp="54" pin=1"/></net>

<net id="65"><net_src comp="4" pin="0"/><net_sink comp="60" pin=0"/></net>

<net id="66"><net_src comp="48" pin="0"/><net_sink comp="60" pin=1"/></net>

<net id="72"><net_src comp="60" pin="3"/><net_sink comp="67" pin=0"/></net>

<net id="77"><net_src comp="40" pin="0"/><net_sink comp="73" pin=0"/></net>

<net id="81"><net_src comp="54" pin="2"/><net_sink comp="78" pin=0"/></net>

<net id="86"><net_src comp="32" pin="0"/><net_sink comp="82" pin=0"/></net>

<net id="94"><net_src comp="87" pin="1"/><net_sink comp="90" pin=0"/></net>

<net id="95"><net_src comp="36" pin="0"/><net_sink comp="90" pin=1"/></net>

<net id="100"><net_src comp="87" pin="1"/><net_sink comp="96" pin=0"/></net>

<net id="101"><net_src comp="38" pin="0"/><net_sink comp="96" pin=1"/></net>

<net id="106"><net_src comp="96" pin="2"/><net_sink comp="102" pin=0"/></net>

<net id="111"><net_src comp="0" pin="0"/><net_sink comp="107" pin=0"/></net>

<net id="112"><net_src comp="107" pin="2"/><net_sink comp="73" pin=1"/></net>

<net id="116"><net_src comp="113" pin="1"/><net_sink comp="60" pin=2"/></net>

<net id="120"><net_src comp="50" pin="1"/><net_sink comp="117" pin=0"/></net>

<net id="121"><net_src comp="117" pin="1"/><net_sink comp="82" pin=1"/></net>

<net id="122"><net_src comp="117" pin="1"/><net_sink comp="87" pin=0"/></net>

<net id="123"><net_src comp="117" pin="1"/><net_sink comp="102" pin=1"/></net>

<net id="127"><net_src comp="78" pin="1"/><net_sink comp="124" pin=0"/></net>

<net id="128"><net_src comp="124" pin="1"/><net_sink comp="107" pin=1"/></net>

<net id="132"><net_src comp="87" pin="1"/><net_sink comp="129" pin=0"/></net>

<net id="133"><net_src comp="129" pin="1"/><net_sink comp="113" pin=0"/></net>

<net id="137"><net_src comp="90" pin="2"/><net_sink comp="134" pin=0"/></net>

<net id="141"><net_src comp="73" pin="2"/><net_sink comp="138" pin=0"/></net>

<net id="142"><net_src comp="138" pin="1"/><net_sink comp="67" pin=1"/></net>

</net_list>

</model> 
---------------- Datapath Model END ------------------

* FSMD analyzer results:
  - Output states:
	Port: line_buf_in | {3 }
 - Input state : 
	Port: quad_frame_remapper_Pipeline_3 : gmem0 | {2 }
	Port: quad_frame_remapper_Pipeline_3 : sext_ln123 | {1 }
  - Chain level:
	State 1
		store_ln0 : 1
		loop_index5_load : 1
		exitcond9 : 2
		empty : 2
		br_ln0 : 3
		store_ln0 : 3
	State 2
		gmem0_addr_read : 1
	State 3
		line_buf_in_addr : 1
		store_ln123 : 2


============================================================
+ Verbose Summary: Datapath Resource usage 
============================================================

* Functional unit list:
|----------|----------------------------|---------|---------|
| Operation|       Functional Unit      |    FF   |   LUT   |
|----------|----------------------------|---------|---------|
|   icmp   |       exitcond9_fu_90      |    0    |    14   |
|----------|----------------------------|---------|---------|
|    add   |         empty_fu_96        |    0    |    14   |
|----------|----------------------------|---------|---------|
|   read   | sext_ln123_read_read_fu_54 |    0    |    0    |
|          | gmem0_addr_read_read_fu_73 |    0    |    0    |
|----------|----------------------------|---------|---------|
|   sext   |    sext_ln123_cast_fu_78   |    0    |    0    |
|----------|----------------------------|---------|---------|
|   zext   |   loop_index5_cast_fu_113  |    0    |    0    |
|----------|----------------------------|---------|---------|
|   Total  |                            |    0    |    28   |
|----------|----------------------------|---------|---------|

Memories:
N/A

* Register list:
+------------------------+--------+
|                        |   FF   |
+------------------------+--------+
|    exitcond9_reg_134   |    1   |
| gmem0_addr_read_reg_138|   128  |
|loop_index5_load_reg_129|    9   |
|   loop_index5_reg_117  |    9   |
| sext_ln123_cast_reg_124|   64   |
+------------------------+--------+
|          Total         |   211  |
+------------------------+--------+

* Multiplexer (MUX) list: 
|--------|------|------|------|--------|
|  Comp  |  Pin | Size |  BW  | S x BW |
|--------|------|------|------|--------|
|  Total |      |      |      |    0   |
|--------|------|------|------|--------|



* Summary:
+-----------+--------+--------+
|           |   FF   |   LUT  |
+-----------+--------+--------+
|  Function |    0   |   28   |
|   Memory  |    -   |    -   |
|Multiplexer|    -   |    -   |
|  Register |   211  |    -   |
+-----------+--------+--------+
|   Total   |   211  |   28   |
+-----------+--------+--------+
