

================================================================
== Vitis HLS Report for 'quad_frame_remapper_Pipeline_VITIS_LOOP_146_3'
================================================================
* Date:           Wed Feb 25 19:26:50 2026

* Version:        2025.1 (Build 6135595 on May 21 2025)
* Project:        hls_component
* Solution:       hls (Vivado IP Flow Target)
* Product family: zynq
* Target device:  xc7z020-clg400-1


================================================================
== Performance Estimates
================================================================
+ Timing: 
    * Summary: 
    +--------+----------+----------+------------+
    |  Clock |  Target  | Estimated| Uncertainty|
    +--------+----------+----------+------------+
    |ap_clk  |  10.00 ns|  6.480 ns|     2.70 ns|
    +--------+----------+----------+------------+

+ Latency: 
    * Summary: 
    +---------+---------+-----------+-----------+------+------+------------------------------------------------+
    |  Latency (cycles) |   Latency (absolute)  |   Interval  |                    Pipeline                    |
    |   min   |   max   |    min    |    max    |  min |  max |                      Type                      |
    +---------+---------+-----------+-----------+------+------+------------------------------------------------+
    |     2309|     2309|  23.090 us|  23.090 us|  2307|  2307|  loop auto-rewind stp (delay=0 clock cycles(s))|
    +---------+---------+-----------+-----------+------+------+------------------------------------------------+

    + Detail: 
        * Instance: 
        N/A

        * Loop: 
        +--------------------+---------+---------+----------+-----------+-----------+------+----------+
        |                    |  Latency (cycles) | Iteration|  Initiation Interval  | Trip |          |
        |      Loop Name     |   min   |   max   |  Latency |  achieved |   target  | Count| Pipelined|
        +--------------------+---------+---------+----------+-----------+-----------+------+----------+
        |- VITIS_LOOP_146_3  |     2307|     2307|         7|          3|          1|   768|       yes|
        +--------------------+---------+---------+----------+-----------+-----------+------+----------+

============================================================
+ Verbose Summary: Synthesis Manager
============================================================
InlineROM: 1
ExposeGlobal: 0
============================================================
+ Verbose Summary: CDFG Model
============================================================
IsTopModel: 0
ResetActiveHigh: 1
IsCombinational: 0
IsDatapathOnly: 0
HasWiredReturn: 1
HasMFsm: 2
HasVarLatency: 1
IsPipeline: 0
IsRtlPipelined: 0
IsInstanceOverlapped: 0
IsDontTouch: 0
HasImplIP: 0
IsGatedGlobalClock: 0

+ Individual pipeline summary: 
  * Pipeline-0: initiation interval (II) = 3, depth = 7


============================================================
+ Verbose Summary: Schedule
============================================================
* Number of FSM states : 7
* Pipeline : 1
  Pipeline-0 : II = 3, D = 7, States = { 1 2 3 4 5 6 7 }
* Dataflow Pipeline: 0

* FSM state transitions: 
1 --> 2 
2 --> 3 
3 --> 4 
4 --> 5 
5 --> 6 
6 --> 7 
7 --> 

* FSM state operations: 

State 1 <SV = 0> <Delay = 3.31>
ST_1 : Operation 10 [1/1] (0.00ns)   --->   "%i = alloca i32 1" [C:/quad_frame_remapper/quad_frame_remapper.cpp:146]   --->   Operation 10 'alloca' 'i' <Predicate = true> <Delay = 0.00>
ST_1 : Operation 11 [1/1] (0.00ns)   --->   "%specbramwithbyteenable_ln0 = specbramwithbyteenable void @_ssdm_op_SpecBRAMWithByteEnable, i128 %line_buf_out"   --->   Operation 11 'specbramwithbyteenable' 'specbramwithbyteenable_ln0' <Predicate = true> <Delay = 0.00>
ST_1 : Operation 12 [1/1] (1.58ns)   --->   "%store_ln146 = store i10 0, i10 %i" [C:/quad_frame_remapper/quad_frame_remapper.cpp:146]   --->   Operation 12 'store' 'store_ln146' <Predicate = true> <Delay = 1.58>
ST_1 : Operation 13 [1/1] (0.00ns)   --->   "%br_ln0 = br void %for.inc80"   --->   Operation 13 'br' 'br_ln0' <Predicate = true> <Delay = 0.00>
ST_1 : Operation 14 [1/1] (0.00ns)   --->   "%i_1 = load i10 %i" [C:/quad_frame_remapper/quad_frame_remapper.cpp:146]   --->   Operation 14 'load' 'i_1' <Predicate = true> <Delay = 0.00>
ST_1 : Operation 15 [1/1] (1.73ns)   --->   "%icmp_ln146 = icmp_eq  i10 %i_1, i10 768" [C:/quad_frame_remapper/quad_frame_remapper.cpp:146]   --->   Operation 15 'icmp' 'icmp_ln146' <Predicate = true> <Delay = 1.73> <CoreInst = "Cmp">   --->   Core 9 'Cmp' <Latency = 0> <II = 1> <Delay = 1.73> <FuncUnit> <Opcode : 'seteq' 'setne' 'setle' 'setge' 'setlt' 'setgt'> <InPorts = 2> <OutPorts = 1>
ST_1 : Operation 16 [1/1] (0.00ns)   --->   "%p_shl1 = bitconcatenate i13 @_ssdm_op_BitConcatenate.i13.i10.i3, i10 %i_1, i3 0" [C:/quad_frame_remapper/quad_frame_remapper.cpp:148]   --->   Operation 16 'bitconcatenate' 'p_shl1' <Predicate = (!icmp_ln146)> <Delay = 0.00>
ST_1 : Operation 17 [1/1] (0.00ns)   --->   "%tmp = bitconcatenate i11 @_ssdm_op_BitConcatenate.i11.i10.i1, i10 %i_1, i1 0" [C:/quad_frame_remapper/quad_frame_remapper.cpp:148]   --->   Operation 17 'bitconcatenate' 'tmp' <Predicate = (!icmp_ln146)> <Delay = 0.00>
ST_1 : Operation 18 [1/1] (0.00ns)   --->   "%zext_ln148 = zext i11 %tmp" [C:/quad_frame_remapper/quad_frame_remapper.cpp:148]   --->   Operation 18 'zext' 'zext_ln148' <Predicate = (!icmp_ln146)> <Delay = 0.00>
ST_1 : Operation 19 [1/1] (1.67ns)   --->   "%add_ln148 = add i13 %p_shl1, i13 %zext_ln148" [C:/quad_frame_remapper/quad_frame_remapper.cpp:148]   --->   Operation 19 'add' 'add_ln148' <Predicate = (!icmp_ln146)> <Delay = 1.67> <CoreInst = "Adder">   --->   Core 1 'Adder' <Latency = 0> <II = 1> <Delay = 1.67> <FuncUnit> <Opcode : 'add' 'sub'> <InPorts = 2> <OutPorts = 1>
ST_1 : Operation 20 [1/1] (0.00ns)   --->   "%tmp_7 = partselect i10 @_ssdm_op_PartSelect.i10.i13.i32.i32, i13 %add_ln148, i32 3, i32 12" [C:/quad_frame_remapper/quad_frame_remapper.cpp:154]   --->   Operation 20 'partselect' 'tmp_7' <Predicate = (!icmp_ln146)> <Delay = 0.00>

State 2 <SV = 1> <Delay = 6.48>
ST_2 : Operation 21 [1/1] (0.00ns)   --->   "%zext_ln154_4 = zext i10 %tmp_7" [C:/quad_frame_remapper/quad_frame_remapper.cpp:154]   --->   Operation 21 'zext' 'zext_ln154_4' <Predicate = (!icmp_ln146)> <Delay = 0.00>
ST_2 : Operation 22 [1/1] (0.00ns)   --->   "%p_shl2 = bitconcatenate i12 @_ssdm_op_BitConcatenate.i12.i10.i2, i10 %tmp_7, i2 0" [C:/quad_frame_remapper/quad_frame_remapper.cpp:154]   --->   Operation 22 'bitconcatenate' 'p_shl2' <Predicate = (!icmp_ln146)> <Delay = 0.00>
ST_2 : Operation 23 [1/1] (1.54ns)   --->   "%sub_ln154 = sub i12 %p_shl2, i12 %zext_ln154_4" [C:/quad_frame_remapper/quad_frame_remapper.cpp:154]   --->   Operation 23 'sub' 'sub_ln154' <Predicate = (!icmp_ln146)> <Delay = 1.54> <CoreInst = "Adder">   --->   Core 1 'Adder' <Latency = 0> <II = 1> <Delay = 1.54> <FuncUnit> <Opcode : 'add' 'sub'> <InPorts = 2> <OutPorts = 1>
ST_2 : Operation 24 [1/1] (0.00ns)   --->   "%zext_ln154_1 = zext i12 %sub_ln154" [C:/quad_frame_remapper/quad_frame_remapper.cpp:154]   --->   Operation 24 'zext' 'zext_ln154_1' <Predicate = (!icmp_ln146)> <Delay = 0.00>
ST_2 : Operation 25 [1/1] (1.67ns)   --->   "%add_ln154 = add i13 %zext_ln154_1, i13 2880" [C:/quad_frame_remapper/quad_frame_remapper.cpp:154]   --->   Operation 25 'add' 'add_ln154' <Predicate = (!icmp_ln146)> <Delay = 1.67> <CoreInst = "Adder">   --->   Core 1 'Adder' <Latency = 0> <II = 1> <Delay = 1.67> <FuncUnit> <Opcode : 'add' 'sub'> <InPorts = 2> <OutPorts = 1>
ST_2 : Operation 26 [1/1] (0.00ns)   --->   "%lshr_ln3 = partselect i9 @_ssdm_op_PartSelect.i9.i13.i32.i32, i13 %add_ln154, i32 4, i32 12" [C:/quad_frame_remapper/quad_frame_remapper.cpp:154]   --->   Operation 26 'partselect' 'lshr_ln3' <Predicate = (!icmp_ln146)> <Delay = 0.00>
ST_2 : Operation 27 [1/1] (0.00ns)   --->   "%zext_ln154 = zext i9 %lshr_ln3" [C:/quad_frame_remapper/quad_frame_remapper.cpp:154]   --->   Operation 27 'zext' 'zext_ln154' <Predicate = (!icmp_ln146)> <Delay = 0.00>
ST_2 : Operation 28 [1/1] (0.00ns)   --->   "%line_buf_in_addr = getelementptr i128 %line_buf_in, i64 0, i64 %zext_ln154" [C:/quad_frame_remapper/quad_frame_remapper.cpp:154]   --->   Operation 28 'getelementptr' 'line_buf_in_addr' <Predicate = (!icmp_ln146)> <Delay = 0.00>
ST_2 : Operation 29 [2/2] (3.25ns)   --->   "%line_buf_in_load = load i9 %line_buf_in_addr" [C:/quad_frame_remapper/quad_frame_remapper.cpp:154]   --->   Operation 29 'load' 'line_buf_in_load' <Predicate = (!icmp_ln146)> <Delay = 3.25> <CoreInst = "RAM_1WnR">   --->   Core 82 'RAM_1WnR' <Latency = 1> <II = 1> <Delay = 3.25> <Storage> <Opcode : 'load' 'store'> <Ports = 17> <Width = 128> <Depth = 360> <RAM>
ST_2 : Operation 30 [1/1] (0.00ns)   --->   "%trunc_ln154 = trunc i13 %add_ln154" [C:/quad_frame_remapper/quad_frame_remapper.cpp:154]   --->   Operation 30 'trunc' 'trunc_ln154' <Predicate = (!icmp_ln146)> <Delay = 0.00>
ST_2 : Operation 31 [1/1] (1.67ns)   --->   "%add_ln155 = add i13 %zext_ln154_1, i13 2881" [C:/quad_frame_remapper/quad_frame_remapper.cpp:155]   --->   Operation 31 'add' 'add_ln155' <Predicate = (!icmp_ln146)> <Delay = 1.67> <CoreInst = "Adder">   --->   Core 1 'Adder' <Latency = 0> <II = 1> <Delay = 1.67> <FuncUnit> <Opcode : 'add' 'sub'> <InPorts = 2> <OutPorts = 1>
ST_2 : Operation 32 [1/1] (0.00ns)   --->   "%lshr_ln4 = partselect i9 @_ssdm_op_PartSelect.i9.i13.i32.i32, i13 %add_ln155, i32 4, i32 12" [C:/quad_frame_remapper/quad_frame_remapper.cpp:155]   --->   Operation 32 'partselect' 'lshr_ln4' <Predicate = (!icmp_ln146)> <Delay = 0.00>
ST_2 : Operation 33 [1/1] (0.00ns)   --->   "%zext_ln155 = zext i9 %lshr_ln4" [C:/quad_frame_remapper/quad_frame_remapper.cpp:155]   --->   Operation 33 'zext' 'zext_ln155' <Predicate = (!icmp_ln146)> <Delay = 0.00>
ST_2 : Operation 34 [1/1] (0.00ns)   --->   "%line_buf_in_addr_1 = getelementptr i128 %line_buf_in, i64 0, i64 %zext_ln155" [C:/quad_frame_remapper/quad_frame_remapper.cpp:155]   --->   Operation 34 'getelementptr' 'line_buf_in_addr_1' <Predicate = (!icmp_ln146)> <Delay = 0.00>
ST_2 : Operation 35 [2/2] (3.25ns)   --->   "%line_buf_in_load_1 = load i9 %line_buf_in_addr_1" [C:/quad_frame_remapper/quad_frame_remapper.cpp:155]   --->   Operation 35 'load' 'line_buf_in_load_1' <Predicate = (!icmp_ln146)> <Delay = 3.25> <CoreInst = "RAM_1WnR">   --->   Core 82 'RAM_1WnR' <Latency = 1> <II = 1> <Delay = 3.25> <Storage> <Opcode : 'load' 'store'> <Ports = 17> <Width = 128> <Depth = 360> <RAM>
ST_2 : Operation 36 [1/1] (0.00ns)   --->   "%trunc_ln155 = trunc i13 %add_ln155" [C:/quad_frame_remapper/quad_frame_remapper.cpp:155]   --->   Operation 36 'trunc' 'trunc_ln155' <Predicate = (!icmp_ln146)> <Delay = 0.00>

State 3 <SV = 2> <Delay = 4.93>
ST_3 : Operation 37 [1/1] (1.73ns)   --->   "%add_ln146 = add i10 %i_1, i10 1" [C:/quad_frame_remapper/quad_frame_remapper.cpp:146]   --->   Operation 37 'add' 'add_ln146' <Predicate = true> <Delay = 1.73> <CoreInst = "Adder">   --->   Core 1 'Adder' <Latency = 0> <II = 1> <Delay = 1.73> <FuncUnit> <Opcode : 'add' 'sub'> <InPorts = 2> <OutPorts = 1>
ST_3 : Operation 38 [1/1] (0.00ns)   --->   "%br_ln146 = br i1 %icmp_ln146, void %for.inc80.split, void %for.end82.exitStub" [C:/quad_frame_remapper/quad_frame_remapper.cpp:146]   --->   Operation 38 'br' 'br_ln146' <Predicate = true> <Delay = 0.00>
ST_3 : Operation 39 [1/2] ( I:3.25ns O:3.25ns )   --->   "%line_buf_in_load = load i9 %line_buf_in_addr" [C:/quad_frame_remapper/quad_frame_remapper.cpp:154]   --->   Operation 39 'load' 'line_buf_in_load' <Predicate = (!icmp_ln146)> <Delay = 3.25> <CoreInst = "RAM_1WnR">   --->   Core 82 'RAM_1WnR' <Latency = 1> <II = 1> <Delay = 3.25> <Storage> <Opcode : 'load' 'store'> <Ports = 17> <Width = 128> <Depth = 360> <RAM>
ST_3 : Operation 40 [1/2] ( I:3.25ns O:3.25ns )   --->   "%line_buf_in_load_1 = load i9 %line_buf_in_addr_1" [C:/quad_frame_remapper/quad_frame_remapper.cpp:155]   --->   Operation 40 'load' 'line_buf_in_load_1' <Predicate = (!icmp_ln146)> <Delay = 3.25> <CoreInst = "RAM_1WnR">   --->   Core 82 'RAM_1WnR' <Latency = 1> <II = 1> <Delay = 3.25> <Storage> <Opcode : 'load' 'store'> <Ports = 17> <Width = 128> <Depth = 360> <RAM>
ST_3 : Operation 41 [1/1] (1.67ns)   --->   "%add_ln156 = add i13 %zext_ln154_1, i13 2882" [C:/quad_frame_remapper/quad_frame_remapper.cpp:156]   --->   Operation 41 'add' 'add_ln156' <Predicate = (!icmp_ln146)> <Delay = 1.67> <CoreInst = "Adder">   --->   Core 1 'Adder' <Latency = 0> <II = 1> <Delay = 1.67> <FuncUnit> <Opcode : 'add' 'sub'> <InPorts = 2> <OutPorts = 1>
ST_3 : Operation 42 [1/1] (0.00ns)   --->   "%lshr_ln5 = partselect i9 @_ssdm_op_PartSelect.i9.i13.i32.i32, i13 %add_ln156, i32 4, i32 12" [C:/quad_frame_remapper/quad_frame_remapper.cpp:156]   --->   Operation 42 'partselect' 'lshr_ln5' <Predicate = (!icmp_ln146)> <Delay = 0.00>
ST_3 : Operation 43 [1/1] (0.00ns)   --->   "%zext_ln156 = zext i9 %lshr_ln5" [C:/quad_frame_remapper/quad_frame_remapper.cpp:156]   --->   Operation 43 'zext' 'zext_ln156' <Predicate = (!icmp_ln146)> <Delay = 0.00>
ST_3 : Operation 44 [1/1] (0.00ns)   --->   "%line_buf_in_addr_2 = getelementptr i128 %line_buf_in, i64 0, i64 %zext_ln156" [C:/quad_frame_remapper/quad_frame_remapper.cpp:156]   --->   Operation 44 'getelementptr' 'line_buf_in_addr_2' <Predicate = (!icmp_ln146)> <Delay = 0.00>
ST_3 : Operation 45 [2/2] (3.25ns)   --->   "%line_buf_in_load_2 = load i9 %line_buf_in_addr_2" [C:/quad_frame_remapper/quad_frame_remapper.cpp:156]   --->   Operation 45 'load' 'line_buf_in_load_2' <Predicate = (!icmp_ln146)> <Delay = 3.25> <CoreInst = "RAM_1WnR">   --->   Core 82 'RAM_1WnR' <Latency = 1> <II = 1> <Delay = 3.25> <Storage> <Opcode : 'load' 'store'> <Ports = 17> <Width = 128> <Depth = 360> <RAM>
ST_3 : Operation 46 [1/1] (0.00ns)   --->   "%trunc_ln156 = trunc i13 %add_ln156" [C:/quad_frame_remapper/quad_frame_remapper.cpp:156]   --->   Operation 46 'trunc' 'trunc_ln156' <Predicate = (!icmp_ln146)> <Delay = 0.00>
ST_3 : Operation 47 [1/1] (1.58ns)   --->   "%store_ln146 = store i10 %add_ln146, i10 %i" [C:/quad_frame_remapper/quad_frame_remapper.cpp:146]   --->   Operation 47 'store' 'store_ln146' <Predicate = (!icmp_ln146)> <Delay = 1.58>

State 4 <SV = 3> <Delay = 5.62>
ST_4 : Operation 48 [1/1] (0.00ns)   --->   "%zext_ln146 = zext i10 %i_1" [C:/quad_frame_remapper/quad_frame_remapper.cpp:146]   --->   Operation 48 'zext' 'zext_ln146' <Predicate = true> <Delay = 0.00>
ST_4 : Operation 49 [1/1] (0.00ns)   --->   "%shl_ln4 = bitconcatenate i7 @_ssdm_op_BitConcatenate.i7.i4.i3, i4 %trunc_ln154, i3 0" [C:/quad_frame_remapper/quad_frame_remapper.cpp:154]   --->   Operation 49 'bitconcatenate' 'shl_ln4' <Predicate = true> <Delay = 0.00>
ST_4 : Operation 50 [1/1] (0.00ns)   --->   "%zext_ln154_5 = zext i7 %shl_ln4" [C:/quad_frame_remapper/quad_frame_remapper.cpp:154]   --->   Operation 50 'zext' 'zext_ln154_5' <Predicate = true> <Delay = 0.00>
ST_4 : Operation 51 [1/1] (4.89ns)   --->   "%lshr_ln154 = lshr i128 %line_buf_in_load, i128 %zext_ln154_5" [C:/quad_frame_remapper/quad_frame_remapper.cpp:154]   --->   Operation 51 'lshr' 'lshr_ln154' <Predicate = true> <Delay = 4.89> <CoreInst = "Shifter">   --->   Core 75 'Shifter' <Latency = 0> <II = 1> <Delay = 4.89> <FuncUnit> <Opcode : 'shl' 'lshr' 'ashr'> <InPorts = 2> <OutPorts = 1>
ST_4 : Operation 52 [1/1] (0.00ns)   --->   "%trunc_ln154_1 = trunc i128 %lshr_ln154" [C:/quad_frame_remapper/quad_frame_remapper.cpp:154]   --->   Operation 52 'trunc' 'trunc_ln154_1' <Predicate = true> <Delay = 0.00>
ST_4 : Operation 53 [1/1] (0.00ns)   --->   "%p_shl = bitconcatenate i12 @_ssdm_op_BitConcatenate.i12.i10.i2, i10 %i_1, i2 0" [C:/quad_frame_remapper/quad_frame_remapper.cpp:154]   --->   Operation 53 'bitconcatenate' 'p_shl' <Predicate = true> <Delay = 0.00>
ST_4 : Operation 54 [1/1] (1.54ns)   --->   "%sub_ln154_1 = sub i12 %p_shl, i12 %zext_ln146" [C:/quad_frame_remapper/quad_frame_remapper.cpp:154]   --->   Operation 54 'sub' 'sub_ln154_1' <Predicate = true> <Delay = 1.54> <CoreInst = "Adder">   --->   Core 1 'Adder' <Latency = 0> <II = 1> <Delay = 1.54> <FuncUnit> <Opcode : 'add' 'sub'> <InPorts = 2> <OutPorts = 1>
ST_4 : Operation 55 [1/1] (0.00ns)   --->   "%zext_ln154_6 = zext i12 %sub_ln154_1" [C:/quad_frame_remapper/quad_frame_remapper.cpp:154]   --->   Operation 55 'zext' 'zext_ln154_6' <Predicate = true> <Delay = 0.00>
ST_4 : Operation 56 [1/1] (1.67ns)   --->   "%add_ln154_1 = add i13 %zext_ln154_6, i13 3168" [C:/quad_frame_remapper/quad_frame_remapper.cpp:154]   --->   Operation 56 'add' 'add_ln154_1' <Predicate = true> <Delay = 1.67> <CoreInst = "Adder">   --->   Core 1 'Adder' <Latency = 0> <II = 1> <Delay = 1.67> <FuncUnit> <Opcode : 'add' 'sub'> <InPorts = 2> <OutPorts = 1>
ST_4 : Operation 57 [1/1] (0.00ns)   --->   "%trunc_ln154_2 = trunc i13 %add_ln154_1" [C:/quad_frame_remapper/quad_frame_remapper.cpp:154]   --->   Operation 57 'trunc' 'trunc_ln154_2' <Predicate = true> <Delay = 0.00>
ST_4 : Operation 58 [1/1] (0.00ns)   --->   "%zext_ln154_3 = zext i4 %trunc_ln154_2" [C:/quad_frame_remapper/quad_frame_remapper.cpp:154]   --->   Operation 58 'zext' 'zext_ln154_3' <Predicate = true> <Delay = 0.00>
ST_4 : Operation 59 [1/1] (2.39ns)   --->   "%shl_ln154 = shl i16 1, i16 %zext_ln154_3" [C:/quad_frame_remapper/quad_frame_remapper.cpp:154]   --->   Operation 59 'shl' 'shl_ln154' <Predicate = true> <Delay = 2.39> <CoreInst = "Shifter">   --->   Core 75 'Shifter' <Latency = 0> <II = 1> <Delay = 2.39> <FuncUnit> <Opcode : 'shl' 'lshr' 'ashr'> <InPorts = 2> <OutPorts = 1>
ST_4 : Operation 60 [1/1] (0.00ns)   --->   "%lshr_ln154_2 = partselect i9 @_ssdm_op_PartSelect.i9.i13.i32.i32, i13 %add_ln154_1, i32 4, i32 12" [C:/quad_frame_remapper/quad_frame_remapper.cpp:154]   --->   Operation 60 'partselect' 'lshr_ln154_2' <Predicate = true> <Delay = 0.00>
ST_4 : Operation 61 [1/1] (0.00ns)   --->   "%shl_ln5 = bitconcatenate i7 @_ssdm_op_BitConcatenate.i7.i4.i3, i4 %trunc_ln155, i3 0" [C:/quad_frame_remapper/quad_frame_remapper.cpp:155]   --->   Operation 61 'bitconcatenate' 'shl_ln5' <Predicate = true> <Delay = 0.00>
ST_4 : Operation 62 [1/1] (0.00ns)   --->   "%zext_ln155_1 = zext i7 %shl_ln5" [C:/quad_frame_remapper/quad_frame_remapper.cpp:155]   --->   Operation 62 'zext' 'zext_ln155_1' <Predicate = true> <Delay = 0.00>
ST_4 : Operation 63 [1/1] (4.89ns)   --->   "%lshr_ln155 = lshr i128 %line_buf_in_load_1, i128 %zext_ln155_1" [C:/quad_frame_remapper/quad_frame_remapper.cpp:155]   --->   Operation 63 'lshr' 'lshr_ln155' <Predicate = true> <Delay = 4.89> <CoreInst = "Shifter">   --->   Core 75 'Shifter' <Latency = 0> <II = 1> <Delay = 4.89> <FuncUnit> <Opcode : 'shl' 'lshr' 'ashr'> <InPorts = 2> <OutPorts = 1>
ST_4 : Operation 64 [1/1] (0.00ns)   --->   "%trunc_ln155_1 = trunc i128 %lshr_ln155" [C:/quad_frame_remapper/quad_frame_remapper.cpp:155]   --->   Operation 64 'trunc' 'trunc_ln155_1' <Predicate = true> <Delay = 0.00>
ST_4 : Operation 65 [1/2] ( I:3.25ns O:3.25ns )   --->   "%line_buf_in_load_2 = load i9 %line_buf_in_addr_2" [C:/quad_frame_remapper/quad_frame_remapper.cpp:156]   --->   Operation 65 'load' 'line_buf_in_load_2' <Predicate = true> <Delay = 3.25> <CoreInst = "RAM_1WnR">   --->   Core 82 'RAM_1WnR' <Latency = 1> <II = 1> <Delay = 3.25> <Storage> <Opcode : 'load' 'store'> <Ports = 17> <Width = 128> <Depth = 360> <RAM>
ST_4 : Operation 105 [1/1] (1.58ns)   --->   "%ret_ln0 = ret"   --->   Operation 105 'ret' 'ret_ln0' <Predicate = (icmp_ln146)> <Delay = 1.58>

State 5 <SV = 4> <Delay = 6.40>
ST_5 : Operation 66 [1/1] (0.00ns)   --->   "%zext_ln154_2 = zext i8 %trunc_ln154_1" [C:/quad_frame_remapper/quad_frame_remapper.cpp:154]   --->   Operation 66 'zext' 'zext_ln154_2' <Predicate = true> <Delay = 0.00>
ST_5 : Operation 67 [1/1] (0.00ns)   --->   "%shl_ln154_2 = bitconcatenate i7 @_ssdm_op_BitConcatenate.i7.i4.i3, i4 %trunc_ln154_2, i3 0" [C:/quad_frame_remapper/quad_frame_remapper.cpp:154]   --->   Operation 67 'bitconcatenate' 'shl_ln154_2' <Predicate = true> <Delay = 0.00>
ST_5 : Operation 68 [1/1] (0.00ns)   --->   "%zext_ln154_7 = zext i7 %shl_ln154_2" [C:/quad_frame_remapper/quad_frame_remapper.cpp:154]   --->   Operation 68 'zext' 'zext_ln154_7' <Predicate = true> <Delay = 0.00>
ST_5 : Operation 69 [1/1] (3.14ns)   --->   "%shl_ln154_1 = shl i128 %zext_ln154_2, i128 %zext_ln154_7" [C:/quad_frame_remapper/quad_frame_remapper.cpp:154]   --->   Operation 69 'shl' 'shl_ln154_1' <Predicate = true> <Delay = 3.14> <CoreInst = "Shifter">   --->   Core 75 'Shifter' <Latency = 0> <II = 1> <Delay = 3.14> <FuncUnit> <Opcode : 'shl' 'lshr' 'ashr'> <InPorts = 2> <OutPorts = 1>
ST_5 : Operation 70 [1/1] (0.00ns)   --->   "%zext_ln154_8 = zext i9 %lshr_ln154_2" [C:/quad_frame_remapper/quad_frame_remapper.cpp:154]   --->   Operation 70 'zext' 'zext_ln154_8' <Predicate = true> <Delay = 0.00>
ST_5 : Operation 71 [1/1] (0.00ns)   --->   "%line_buf_out_addr = getelementptr i128 %line_buf_out, i64 0, i64 %zext_ln154_8" [C:/quad_frame_remapper/quad_frame_remapper.cpp:154]   --->   Operation 71 'getelementptr' 'line_buf_out_addr' <Predicate = true> <Delay = 0.00>
ST_5 : Operation 72 [1/1] ( I:3.25ns O:3.25ns )   --->   "%store_ln154 = store void @_ssdm_op_Write.bram.p0i128, i9 %line_buf_out_addr, i128 %shl_ln154_1, i16 %shl_ln154" [C:/quad_frame_remapper/quad_frame_remapper.cpp:154]   --->   Operation 72 'store' 'store_ln154' <Predicate = true> <Delay = 3.25> <CoreInst = "RAM">   --->   Core 81 'RAM' <Latency = 1> <II = 1> <Delay = 3.25> <Storage> <Opcode : 'load' 'store'> <Ports = 2> <Width = 128> <Depth = 360> <RAM>
ST_5 : Operation 73 [1/1] (1.67ns)   --->   "%add_ln155_1 = add i13 %zext_ln154_6, i13 3169" [C:/quad_frame_remapper/quad_frame_remapper.cpp:155]   --->   Operation 73 'add' 'add_ln155_1' <Predicate = true> <Delay = 1.67> <CoreInst = "Adder">   --->   Core 1 'Adder' <Latency = 0> <II = 1> <Delay = 1.67> <FuncUnit> <Opcode : 'add' 'sub'> <InPorts = 2> <OutPorts = 1>
ST_5 : Operation 74 [1/1] (0.00ns)   --->   "%trunc_ln155_2 = trunc i13 %add_ln155_1" [C:/quad_frame_remapper/quad_frame_remapper.cpp:155]   --->   Operation 74 'trunc' 'trunc_ln155_2' <Predicate = true> <Delay = 0.00>
ST_5 : Operation 75 [1/1] (0.00ns)   --->   "%zext_ln155_3 = zext i4 %trunc_ln155_2" [C:/quad_frame_remapper/quad_frame_remapper.cpp:155]   --->   Operation 75 'zext' 'zext_ln155_3' <Predicate = true> <Delay = 0.00>
ST_5 : Operation 76 [1/1] (2.39ns)   --->   "%shl_ln155 = shl i16 1, i16 %zext_ln155_3" [C:/quad_frame_remapper/quad_frame_remapper.cpp:155]   --->   Operation 76 'shl' 'shl_ln155' <Predicate = true> <Delay = 2.39> <CoreInst = "Shifter">   --->   Core 75 'Shifter' <Latency = 0> <II = 1> <Delay = 2.39> <FuncUnit> <Opcode : 'shl' 'lshr' 'ashr'> <InPorts = 2> <OutPorts = 1>
ST_5 : Operation 77 [1/1] (0.00ns)   --->   "%lshr_ln155_2 = partselect i9 @_ssdm_op_PartSelect.i9.i13.i32.i32, i13 %add_ln155_1, i32 4, i32 12" [C:/quad_frame_remapper/quad_frame_remapper.cpp:155]   --->   Operation 77 'partselect' 'lshr_ln155_2' <Predicate = true> <Delay = 0.00>
ST_5 : Operation 78 [1/1] (0.00ns)   --->   "%shl_ln6 = bitconcatenate i7 @_ssdm_op_BitConcatenate.i7.i4.i3, i4 %trunc_ln156, i3 0" [C:/quad_frame_remapper/quad_frame_remapper.cpp:156]   --->   Operation 78 'bitconcatenate' 'shl_ln6' <Predicate = true> <Delay = 0.00>
ST_5 : Operation 79 [1/1] (0.00ns)   --->   "%zext_ln156_1 = zext i7 %shl_ln6" [C:/quad_frame_remapper/quad_frame_remapper.cpp:156]   --->   Operation 79 'zext' 'zext_ln156_1' <Predicate = true> <Delay = 0.00>
ST_5 : Operation 80 [1/1] (4.89ns)   --->   "%lshr_ln156 = lshr i128 %line_buf_in_load_2, i128 %zext_ln156_1" [C:/quad_frame_remapper/quad_frame_remapper.cpp:156]   --->   Operation 80 'lshr' 'lshr_ln156' <Predicate = true> <Delay = 4.89> <CoreInst = "Shifter">   --->   Core 75 'Shifter' <Latency = 0> <II = 1> <Delay = 4.89> <FuncUnit> <Opcode : 'shl' 'lshr' 'ashr'> <InPorts = 2> <OutPorts = 1>
ST_5 : Operation 81 [1/1] (0.00ns)   --->   "%trunc_ln156_1 = trunc i128 %lshr_ln156" [C:/quad_frame_remapper/quad_frame_remapper.cpp:156]   --->   Operation 81 'trunc' 'trunc_ln156_1' <Predicate = true> <Delay = 0.00>

State 6 <SV = 5> <Delay = 6.40>
ST_6 : Operation 82 [1/1] (0.00ns)   --->   "%zext_ln155_2 = zext i8 %trunc_ln155_1" [C:/quad_frame_remapper/quad_frame_remapper.cpp:155]   --->   Operation 82 'zext' 'zext_ln155_2' <Predicate = true> <Delay = 0.00>
ST_6 : Operation 83 [1/1] (0.00ns)   --->   "%shl_ln155_2 = bitconcatenate i7 @_ssdm_op_BitConcatenate.i7.i4.i3, i4 %trunc_ln155_2, i3 0" [C:/quad_frame_remapper/quad_frame_remapper.cpp:155]   --->   Operation 83 'bitconcatenate' 'shl_ln155_2' <Predicate = true> <Delay = 0.00>
ST_6 : Operation 84 [1/1] (0.00ns)   --->   "%zext_ln155_4 = zext i7 %shl_ln155_2" [C:/quad_frame_remapper/quad_frame_remapper.cpp:155]   --->   Operation 84 'zext' 'zext_ln155_4' <Predicate = true> <Delay = 0.00>
ST_6 : Operation 85 [1/1] (3.14ns)   --->   "%shl_ln155_1 = shl i128 %zext_ln155_2, i128 %zext_ln155_4" [C:/quad_frame_remapper/quad_frame_remapper.cpp:155]   --->   Operation 85 'shl' 'shl_ln155_1' <Predicate = true> <Delay = 3.14> <CoreInst = "Shifter">   --->   Core 75 'Shifter' <Latency = 0> <II = 1> <Delay = 3.14> <FuncUnit> <Opcode : 'shl' 'lshr' 'ashr'> <InPorts = 2> <OutPorts = 1>
ST_6 : Operation 86 [1/1] (0.00ns)   --->   "%zext_ln155_5 = zext i9 %lshr_ln155_2" [C:/quad_frame_remapper/quad_frame_remapper.cpp:155]   --->   Operation 86 'zext' 'zext_ln155_5' <Predicate = true> <Delay = 0.00>
ST_6 : Operation 87 [1/1] (0.00ns)   --->   "%line_buf_out_addr_1 = getelementptr i128 %line_buf_out, i64 0, i64 %zext_ln155_5" [C:/quad_frame_remapper/quad_frame_remapper.cpp:155]   --->   Operation 87 'getelementptr' 'line_buf_out_addr_1' <Predicate = true> <Delay = 0.00>
ST_6 : Operation 88 [1/1] ( I:3.25ns O:3.25ns )   --->   "%store_ln155 = store void @_ssdm_op_Write.bram.p0i128, i9 %line_buf_out_addr_1, i128 %shl_ln155_1, i16 %shl_ln155" [C:/quad_frame_remapper/quad_frame_remapper.cpp:155]   --->   Operation 88 'store' 'store_ln155' <Predicate = true> <Delay = 3.25> <CoreInst = "RAM">   --->   Core 81 'RAM' <Latency = 1> <II = 1> <Delay = 3.25> <Storage> <Opcode : 'load' 'store'> <Ports = 2> <Width = 128> <Depth = 360> <RAM>
ST_6 : Operation 89 [1/1] (1.67ns)   --->   "%add_ln156_1 = add i13 %zext_ln154_6, i13 3170" [C:/quad_frame_remapper/quad_frame_remapper.cpp:156]   --->   Operation 89 'add' 'add_ln156_1' <Predicate = true> <Delay = 1.67> <CoreInst = "Adder">   --->   Core 1 'Adder' <Latency = 0> <II = 1> <Delay = 1.67> <FuncUnit> <Opcode : 'add' 'sub'> <InPorts = 2> <OutPorts = 1>
ST_6 : Operation 90 [1/1] (0.00ns)   --->   "%zext_ln156_2 = zext i8 %trunc_ln156_1" [C:/quad_frame_remapper/quad_frame_remapper.cpp:156]   --->   Operation 90 'zext' 'zext_ln156_2' <Predicate = true> <Delay = 0.00>
ST_6 : Operation 91 [1/1] (0.00ns)   --->   "%trunc_ln156_2 = trunc i13 %add_ln156_1" [C:/quad_frame_remapper/quad_frame_remapper.cpp:156]   --->   Operation 91 'trunc' 'trunc_ln156_2' <Predicate = true> <Delay = 0.00>
ST_6 : Operation 92 [1/1] (0.00ns)   --->   "%zext_ln156_3 = zext i4 %trunc_ln156_2" [C:/quad_frame_remapper/quad_frame_remapper.cpp:156]   --->   Operation 92 'zext' 'zext_ln156_3' <Predicate = true> <Delay = 0.00>
ST_6 : Operation 93 [1/1] (2.39ns)   --->   "%shl_ln156 = shl i16 1, i16 %zext_ln156_3" [C:/quad_frame_remapper/quad_frame_remapper.cpp:156]   --->   Operation 93 'shl' 'shl_ln156' <Predicate = true> <Delay = 2.39> <CoreInst = "Shifter">   --->   Core 75 'Shifter' <Latency = 0> <II = 1> <Delay = 2.39> <FuncUnit> <Opcode : 'shl' 'lshr' 'ashr'> <InPorts = 2> <OutPorts = 1>
ST_6 : Operation 94 [1/1] (0.00ns)   --->   "%shl_ln156_2 = bitconcatenate i7 @_ssdm_op_BitConcatenate.i7.i4.i3, i4 %trunc_ln156_2, i3 0" [C:/quad_frame_remapper/quad_frame_remapper.cpp:156]   --->   Operation 94 'bitconcatenate' 'shl_ln156_2' <Predicate = true> <Delay = 0.00>
ST_6 : Operation 95 [1/1] (0.00ns)   --->   "%zext_ln156_4 = zext i7 %shl_ln156_2" [C:/quad_frame_remapper/quad_frame_remapper.cpp:156]   --->   Operation 95 'zext' 'zext_ln156_4' <Predicate = true> <Delay = 0.00>
ST_6 : Operation 96 [1/1] (3.14ns)   --->   "%shl_ln156_1 = shl i128 %zext_ln156_2, i128 %zext_ln156_4" [C:/quad_frame_remapper/quad_frame_remapper.cpp:156]   --->   Operation 96 'shl' 'shl_ln156_1' <Predicate = true> <Delay = 3.14> <CoreInst = "Shifter">   --->   Core 75 'Shifter' <Latency = 0> <II = 1> <Delay = 3.14> <FuncUnit> <Opcode : 'shl' 'lshr' 'ashr'> <InPorts = 2> <OutPorts = 1>
ST_6 : Operation 97 [1/1] (0.00ns)   --->   "%lshr_ln156_2 = partselect i9 @_ssdm_op_PartSelect.i9.i13.i32.i32, i13 %add_ln156_1, i32 4, i32 12" [C:/quad_frame_remapper/quad_frame_remapper.cpp:156]   --->   Operation 97 'partselect' 'lshr_ln156_2' <Predicate = true> <Delay = 0.00>

State 7 <SV = 6> <Delay = 3.25>
ST_7 : Operation 98 [1/1] (0.00ns)   --->   "%specpipeline_ln146 = specpipeline void @_ssdm_op_SpecPipeline, i32 4294967295, i32 0, i32 0, i32 0, void @empty_0" [C:/quad_frame_remapper/quad_frame_remapper.cpp:146]   --->   Operation 98 'specpipeline' 'specpipeline_ln146' <Predicate = true> <Delay = 0.00>
ST_7 : Operation 99 [1/1] (0.00ns)   --->   "%speclooptripcount_ln146 = speclooptripcount void @_ssdm_op_SpecLoopTripCount, i64 768, i64 768, i64 768" [C:/quad_frame_remapper/quad_frame_remapper.cpp:146]   --->   Operation 99 'speclooptripcount' 'speclooptripcount_ln146' <Predicate = true> <Delay = 0.00>
ST_7 : Operation 100 [1/1] (0.00ns)   --->   "%specloopname_ln146 = specloopname void @_ssdm_op_SpecLoopName, void @empty_14" [C:/quad_frame_remapper/quad_frame_remapper.cpp:146]   --->   Operation 100 'specloopname' 'specloopname_ln146' <Predicate = true> <Delay = 0.00>
ST_7 : Operation 101 [1/1] (0.00ns)   --->   "%zext_ln156_5 = zext i9 %lshr_ln156_2" [C:/quad_frame_remapper/quad_frame_remapper.cpp:156]   --->   Operation 101 'zext' 'zext_ln156_5' <Predicate = true> <Delay = 0.00>
ST_7 : Operation 102 [1/1] (0.00ns)   --->   "%line_buf_out_addr_2 = getelementptr i128 %line_buf_out, i64 0, i64 %zext_ln156_5" [C:/quad_frame_remapper/quad_frame_remapper.cpp:156]   --->   Operation 102 'getelementptr' 'line_buf_out_addr_2' <Predicate = true> <Delay = 0.00>
ST_7 : Operation 103 [1/1] ( I:3.25ns O:3.25ns )   --->   "%store_ln156 = store void @_ssdm_op_Write.bram.p0i128, i9 %line_buf_out_addr_2, i128 %shl_ln156_1, i16 %shl_ln156" [C:/quad_frame_remapper/quad_frame_remapper.cpp:156]   --->   Operation 103 'store' 'store_ln156' <Predicate = true> <Delay = 3.25> <CoreInst = "RAM">   --->   Core 81 'RAM' <Latency = 1> <II = 1> <Delay = 3.25> <Storage> <Opcode : 'load' 'store'> <Ports = 2> <Width = 128> <Depth = 360> <RAM>
ST_7 : Operation 104 [1/1] (0.00ns)   --->   "%br_ln146 = br void %for.inc80" [C:/quad_frame_remapper/quad_frame_remapper.cpp:146]   --->   Operation 104 'br' 'br_ln146' <Predicate = true> <Delay = 0.00>


============================================================
+ Verbose Summary: Timing violations
============================================================
Target clock period: 10.000ns, clock uncertainty: 2.700ns.

 <State 1>: 3.319ns
The critical path consists of the following:
	'store' operation 0 bit ('store_ln146', C:/quad_frame_remapper/quad_frame_remapper.cpp:146) of constant 0 on local variable 'i', C:/quad_frame_remapper/quad_frame_remapper.cpp:146 [5]  (1.588 ns)
	'load' operation 10 bit ('i', C:/quad_frame_remapper/quad_frame_remapper.cpp:146) on local variable 'i', C:/quad_frame_remapper/quad_frame_remapper.cpp:146 [8]  (0.000 ns)
	'icmp' operation 1 bit ('icmp_ln146', C:/quad_frame_remapper/quad_frame_remapper.cpp:146) [9]  (1.731 ns)

 <State 2>: 6.480ns
The critical path consists of the following:
	'sub' operation 12 bit ('sub_ln154', C:/quad_frame_remapper/quad_frame_remapper.cpp:154) [24]  (1.547 ns)
	'add' operation 13 bit ('add_ln154', C:/quad_frame_remapper/quad_frame_remapper.cpp:154) [26]  (1.679 ns)
	'getelementptr' operation 9 bit ('line_buf_in_addr', C:/quad_frame_remapper/quad_frame_remapper.cpp:154) [29]  (0.000 ns)
	'load' operation 128 bit ('line_buf_in_load', C:/quad_frame_remapper/quad_frame_remapper.cpp:154) on array 'line_buf_in' [30]  (3.254 ns)

 <State 3>: 4.934ns
The critical path consists of the following:
	'add' operation 13 bit ('add_ln156', C:/quad_frame_remapper/quad_frame_remapper.cpp:156) [73]  (1.679 ns)
	'getelementptr' operation 9 bit ('line_buf_in_addr_2', C:/quad_frame_remapper/quad_frame_remapper.cpp:156) [76]  (0.000 ns)
	'load' operation 128 bit ('line_buf_in_load_2', C:/quad_frame_remapper/quad_frame_remapper.cpp:156) on array 'line_buf_in' [77]  (3.254 ns)

 <State 4>: 5.624ns
The critical path consists of the following:
	'sub' operation 12 bit ('sub_ln154_1', C:/quad_frame_remapper/quad_frame_remapper.cpp:154) [37]  (1.547 ns)
	'add' operation 13 bit ('add_ln154_1', C:/quad_frame_remapper/quad_frame_remapper.cpp:154) [39]  (1.679 ns)
	'shl' operation 16 bit ('shl_ln154', C:/quad_frame_remapper/quad_frame_remapper.cpp:154) [43]  (2.397 ns)

 <State 5>: 6.404ns
The critical path consists of the following:
	'shl' operation 128 bit ('shl_ln154_1', C:/quad_frame_remapper/quad_frame_remapper.cpp:154) [46]  (3.150 ns)
	'store' operation 0 bit ('store_ln154', C:/quad_frame_remapper/quad_frame_remapper.cpp:154) of constant <constant:_ssdm_op_Write.bram.p0i128> on array 'line_buf_out' [50]  (3.254 ns)

 <State 6>: 6.404ns
The critical path consists of the following:
	'shl' operation 128 bit ('shl_ln155_1', C:/quad_frame_remapper/quad_frame_remapper.cpp:155) [68]  (3.150 ns)
	'store' operation 0 bit ('store_ln155', C:/quad_frame_remapper/quad_frame_remapper.cpp:155) of constant <constant:_ssdm_op_Write.bram.p0i128> on array 'line_buf_out' [72]  (3.254 ns)

 <State 7>: 3.254ns
The critical path consists of the following:
	'getelementptr' operation 9 bit ('line_buf_out_addr_2', C:/quad_frame_remapper/quad_frame_remapper.cpp:156) [93]  (0.000 ns)
	'store' operation 0 bit ('store_ln156', C:/quad_frame_remapper/quad_frame_remapper.cpp:156) of constant <constant:_ssdm_op_Write.bram.p0i128> on array 'line_buf_out' [94]  (3.254 ns)


============================================================
+ Verbose Summary: Binding
============================================================
N/A
* FSMD analyzer results:
  - Output states:
 - Input state : 
  - Chain level:
	State 1
	State 2
	State 3
	State 4
	State 5
	State 6
	State 7


============================================================
+ Verbose Summary: Datapath Resource usage 
============================================================
N/A
