  **** HLS Build v2025.1 6135595
INFO: [HLS 200-2005] Using work_dir C:/quad_frame_remapper/vitis_hls_workspace/hls_component/hls_component 
INFO: [HLS 200-2176] Writing Vitis IDE component file C:/quad_frame_remapper/vitis_hls_workspace/hls_component/hls_component/vitis-comp.json
INFO: [HLS 200-10] Creating and opening component 'C:/quad_frame_remapper/vitis_hls_workspace/hls_component/hls_component'.
INFO: [HLS 200-1505] Using default flow_target 'vivado'
Resolution: For help on HLS 200-1505 see docs.xilinx.com/access/sources/dita/topic?Doc_Version=2025.1%20English&url=ug1448-hls-guidance&resourceid=200-1505.html
INFO: [HLS 200-2174] Applying component config ini file C:/quad_frame_remapper/vitis_hls_workspace/hls_component/hls_config.cfg
INFO: [HLS 200-1465] Applying config ini 'syn.file=C:/quad_frame_remapper/quad_frame_remapper.cpp' from C:/quad_frame_remapper/vitis_hls_workspace/hls_component/hls_config.cfg(7)
INFO: [HLS 200-10] Adding design file 'C:/quad_frame_remapper/quad_frame_remapper.cpp' to the project
INFO: [HLS 200-1465] Applying config ini 'tb.file=C:/quad_frame_remapper/quad_frame_remapper_tb.cpp' from C:/quad_frame_remapper/vitis_hls_workspace/hls_component/hls_config.cfg(8)
INFO: [HLS 200-10] Adding test bench file 'C:/quad_frame_remapper/quad_frame_remapper_tb.cpp' to the project
INFO: [HLS 200-1465] Applying config ini 'syn.top=quad_frame_remapper' from C:/quad_frame_remapper/vitis_hls_workspace/hls_component/hls_config.cfg(9)
INFO: [HLS 200-1465] Applying config ini 'flow_target=vivado' from C:/quad_frame_remapper/vitis_hls_workspace/hls_component/hls_config.cfg(4)
INFO: [HLS 200-1505] Using flow_target 'vivado'
Resolution: For help on HLS 200-1505 see docs.xilinx.com/access/sources/dita/topic?Doc_Version=2025.1%20English&url=ug1448-hls-guidance&resourceid=200-1505.html
INFO: [HLS 200-1465] Applying config ini 'part=xc7z020clg400-1' from C:/quad_frame_remapper/vitis_hls_workspace/hls_component/hls_config.cfg(1)
INFO: [HLS 200-1611] Setting target device to 'xc7z020-clg400-1'
INFO: [HLS 200-1465] Applying config ini 'package.output.format=ip_catalog' from C:/quad_frame_remapper/vitis_hls_workspace/hls_component/hls_config.cfg(5)
INFO: [HLS 200-2176] Writing Vitis IDE component file C:/quad_frame_remapper/vitis_hls_workspace/hls_component/hls_component/vitis-comp.json
INFO: [SIM 211-2] *************** CSIM start ***************
INFO: [SIM 211-4] CSIM will launch CLANG as the compiler.
INFO: [HLS 200-2036] Building debug C Simulation binaries
   Compiling ../../../../../../quad_frame_remapper_tb.cpp in debug mode
   Compiling ../../../../../../quad_frame_remapper.cpp in debug mode
   Generating csim.exe
Makefile.rules:348: recipe for target 'csim.exe' failed
In file included from ../../../../../../quad_frame_remapper_tb.cpp:3:
In file included from C:/Xilinx/2025.1/Vitis/include/ap_int.h:10:
In file included from C:/Xilinx/2025.1/Vitis/include/etc/ap_common.h:677:
In file included from C:/Xilinx/2025.1/Vitis/include/etc/ap_private.h:68:
In file included from C:/Xilinx/2025.1/Vitis/include/hls_half.h:26:
In file included from C:/Xilinx/2025.1/Vitis/include/etc/hls_half_fpo.h:19:
In file included from C:/Xilinx/2025.1/Vitis/include/hls_fpo.h:140:
In file included from C:/Xilinx/2025.1/Vitis/include/floating_point_v7_1_bitacc_cmodel.h:150:
C:/Xilinx/2025.1/Vitis/include/gmp.h:58:9: warning: '__GMP_LIBGMP_DLL' macro redefined [-Wmacro-redefined]
#define __GMP_LIBGMP_DLL  0
        ^
C:/Xilinx/2025.1/Vitis/include/floating_point_v7_1_bitacc_cmodel.h:142:9: note: previous definition is here
#define __GMP_LIBGMP_DLL 1
        ^
1 warning generated.
In file included from ../../../../../../quad_frame_remapper.cpp:36:
In file included from C:/Xilinx/2025.1/Vitis/include/ap_int.h:10:
In file included from C:/Xilinx/2025.1/Vitis/include/etc/ap_common.h:677:
In file included from C:/Xilinx/2025.1/Vitis/include/etc/ap_private.h:68:
In file included from C:/Xilinx/2025.1/Vitis/include/hls_half.h:26:
In file included from C:/Xilinx/2025.1/Vitis/include/etc/hls_half_fpo.h:19:
In file included from C:/Xilinx/2025.1/Vitis/include/hls_fpo.h:140:
In file included from C:/Xilinx/2025.1/Vitis/include/floating_point_v7_1_bitacc_cmodel.h:150:
C:/Xilinx/2025.1/Vitis/include/gmp.h:58:9: warning: '__GMP_LIBGMP_DLL' macro redefined [-Wmacro-redefined]
#define __GMP_LIBGMP_DLL  0
        ^
C:/Xilinx/2025.1/Vitis/include/floating_point_v7_1_bitacc_cmodel.h:142:9: note: previous definition is here
#define __GMP_LIBGMP_DLL 1
        ^
1 warning generated.
ld.lld: error: undefined symbol: image_quad_scale
>>> referenced by ../../../../../../quad_frame_remapper_tb.cpp:31
>>>               obj/quad_frame_remapper_tb.o:(main)
clang++: error: linker command failed with exit code 1 (use -v to see invocation)
make: *** [csim.exe] Error 1
ERROR: [SIM 211-100] 'csim_design' failed: compilation error(s).
INFO: [SIM 211-3] *************** CSIM finish ***************
ERROR: 4
INFO: [HLS 200-112] Total CPU user time: 2 seconds. Total CPU system time: 2 seconds. Total elapsed time: 20.176 seconds; peak allocated memory: 142.488 MB.
