
*** Running vivado
    with args -log project1_axi_interconnect_0_imp_auto_cc_0.vds -m64 -product Vivado -mode batch -messageDb vivado.pb -notrace -source project1_axi_interconnect_0_imp_auto_cc_0.tcl



****** Vivado v2025.1 (64-bit)
  **** SW Build 6140274 on Thu May 22 00:12:29 MDT 2025
  **** IP Build 6138677 on Thu May 22 03:10:11 MDT 2025
  **** SharedData Build 6139179 on Tue May 20 17:58:58 MDT 2025
  **** Start of session at: Thu Feb 26 11:47:56 2026
    ** Copyright 1986-2022 Xilinx, Inc. All Rights Reserved.
    ** Copyright 2022-2025 Advanced Micro Devices, Inc. All Rights Reserved.

source project1_axi_interconnect_0_imp_auto_cc_0.tcl -notrace
create_project: Time (s): cpu = 00:00:15 ; elapsed = 00:00:13 . Memory (MB): peak = 492.383 ; gain = 213.324
INFO: [IP_Flow 19-234] Refreshing IP repositories
WARNING: [IP_Flow 19-1694] Ignoring duplicate Bus Definition IP file 'digilentinc.com:interface:tmds:1.0' found within IP repository 'c:/quad_frame_remapper/ip_repo'.
File in use: c:/quad_frame_remapper/ip_repo/ip/if/tmds_v1_0/tmds.xml
File ignored: c:/quad_frame_remapper/ip_repo/vivado-library-master/if/tmds_v1_0/tmds.xml
WARNING: [IP_Flow 19-1694] Ignoring duplicate Bus Abstraction IP file 'digilentinc.com:interface:tmds_rtl:1.0' found within IP repository 'c:/quad_frame_remapper/ip_repo'.
File in use: c:/quad_frame_remapper/ip_repo/ip/if/tmds_v1_0/tmds_rtl.xml
File ignored: c:/quad_frame_remapper/ip_repo/vivado-library-master/if/tmds_v1_0/tmds_rtl.xml
INFO: [IP_Flow 19-1700] Loaded user IP repository 'c:/quad_frame_remapper/ip_repo'.
INFO: [IP_Flow 19-1700] Loaded user IP repository 'c:/quad_frame_remapper/vitis_hls_workspace/hls_component/hls_component/hls/impl/ip'.
INFO: [IP_Flow 19-2313] Loaded Vivado IP repository 'C:/Xilinx/2025.1/Vivado/data/ip'.
update_ip_catalog: Time (s): cpu = 00:00:02 ; elapsed = 00:00:16 . Memory (MB): peak = 495.348 ; gain = 2.965
Command: synth_design -top project1_axi_interconnect_0_imp_auto_cc_0 -part xc7z020clg400-1 -incremental_mode off -mode out_of_context
Starting synth_design
Attempting to get a license for feature 'Synthesis' and/or device 'xc7z020'
INFO: [Common 17-349] Got license for feature 'Synthesis' and/or device 'xc7z020'
INFO: [Device 21-403] Loading part xc7z020clg400-1
INFO: [Synth 8-7079] Multithreading enabled for synth_design using a maximum of 2 processes.
INFO: [Synth 8-7078] Launching helper process for spawning children vivado processes
INFO: [Synth 8-7075] Helper process launched with PID 5132
---------------------------------------------------------------------------------
Starting RTL Elaboration : Time (s): cpu = 00:00:15 ; elapsed = 00:00:17 . Memory (MB): peak = 1244.352 ; gain = 491.969
---------------------------------------------------------------------------------
INFO: [Synth 8-6157] synthesizing module 'project1_axi_interconnect_0_imp_auto_cc_0' [c:/project9/project1.gen/sources_1/bd/project1/ip/project1_axi_interconnect_0_imp_auto_cc_0/synth/project1_axi_interconnect_0_imp_auto_cc_0.v:53]
INFO: [Synth 8-6157] synthesizing module 'axi_clock_converter_v2_1_34_axi_clock_converter' [c:/project9/project1.srcs/sources_1/bd/project1/ipshared/9a28/hdl/axi_clock_converter_v2_1_vl_rfs.v:650]
INFO: [Synth 8-6157] synthesizing module 'axi_infrastructure_v1_1_0_axi2vector' [c:/project9/project1.srcs/sources_1/bd/project1/ipshared/ec67/hdl/axi_infrastructure_v1_1_vl_rfs.v:59]
INFO: [Synth 8-6155] done synthesizing module 'axi_infrastructure_v1_1_0_axi2vector' (0#1) [c:/project9/project1.srcs/sources_1/bd/project1/ipshared/ec67/hdl/axi_infrastructure_v1_1_vl_rfs.v:59]
INFO: [Synth 8-6157] synthesizing module 'axi_clock_converter_v2_1_34_lite_async' [c:/project9/project1.srcs/sources_1/bd/project1/ipshared/9a28/hdl/axi_clock_converter_v2_1_vl_rfs.v:513]
INFO: [Synth 8-6157] synthesizing module 'xpm_cdc_handshake' [C:/Xilinx/2025.1/Vivado/data/ip/xpm/xpm_cdc/hdl/xpm_cdc.sv:468]
INFO: [Synth 8-6157] synthesizing module 'xpm_cdc_single' [C:/Xilinx/2025.1/Vivado/data/ip/xpm/xpm_cdc/hdl/xpm_cdc.sv:152]
INFO: [Synth 8-6155] done synthesizing module 'xpm_cdc_single' (0#1) [C:/Xilinx/2025.1/Vivado/data/ip/xpm/xpm_cdc/hdl/xpm_cdc.sv:152]
INFO: [Synth 8-6155] done synthesizing module 'xpm_cdc_handshake' (0#1) [C:/Xilinx/2025.1/Vivado/data/ip/xpm/xpm_cdc/hdl/xpm_cdc.sv:468]
INFO: [Synth 8-6155] done synthesizing module 'axi_clock_converter_v2_1_34_lite_async' (0#1) [c:/project9/project1.srcs/sources_1/bd/project1/ipshared/9a28/hdl/axi_clock_converter_v2_1_vl_rfs.v:513]
INFO: [Synth 8-6157] synthesizing module 'axi_clock_converter_v2_1_34_lite_async__parameterized0' [c:/project9/project1.srcs/sources_1/bd/project1/ipshared/9a28/hdl/axi_clock_converter_v2_1_vl_rfs.v:513]
INFO: [Synth 8-6157] synthesizing module 'xpm_cdc_handshake__parameterized0' [C:/Xilinx/2025.1/Vivado/data/ip/xpm/xpm_cdc/hdl/xpm_cdc.sv:468]
INFO: [Synth 8-6155] done synthesizing module 'xpm_cdc_handshake__parameterized0' (0#1) [C:/Xilinx/2025.1/Vivado/data/ip/xpm/xpm_cdc/hdl/xpm_cdc.sv:468]
INFO: [Synth 8-6155] done synthesizing module 'axi_clock_converter_v2_1_34_lite_async__parameterized0' (0#1) [c:/project9/project1.srcs/sources_1/bd/project1/ipshared/9a28/hdl/axi_clock_converter_v2_1_vl_rfs.v:513]
INFO: [Synth 8-6157] synthesizing module 'axi_clock_converter_v2_1_34_lite_async__parameterized1' [c:/project9/project1.srcs/sources_1/bd/project1/ipshared/9a28/hdl/axi_clock_converter_v2_1_vl_rfs.v:513]
INFO: [Synth 8-6157] synthesizing module 'xpm_cdc_handshake__parameterized1' [C:/Xilinx/2025.1/Vivado/data/ip/xpm/xpm_cdc/hdl/xpm_cdc.sv:468]
INFO: [Synth 8-6155] done synthesizing module 'xpm_cdc_handshake__parameterized1' (0#1) [C:/Xilinx/2025.1/Vivado/data/ip/xpm/xpm_cdc/hdl/xpm_cdc.sv:468]
INFO: [Synth 8-6155] done synthesizing module 'axi_clock_converter_v2_1_34_lite_async__parameterized1' (0#1) [c:/project9/project1.srcs/sources_1/bd/project1/ipshared/9a28/hdl/axi_clock_converter_v2_1_vl_rfs.v:513]
INFO: [Synth 8-6157] synthesizing module 'axi_clock_converter_v2_1_34_lite_async__parameterized2' [c:/project9/project1.srcs/sources_1/bd/project1/ipshared/9a28/hdl/axi_clock_converter_v2_1_vl_rfs.v:513]
INFO: [Synth 8-6157] synthesizing module 'xpm_cdc_handshake__parameterized2' [C:/Xilinx/2025.1/Vivado/data/ip/xpm/xpm_cdc/hdl/xpm_cdc.sv:468]
INFO: [Synth 8-6155] done synthesizing module 'xpm_cdc_handshake__parameterized2' (0#1) [C:/Xilinx/2025.1/Vivado/data/ip/xpm/xpm_cdc/hdl/xpm_cdc.sv:468]
INFO: [Synth 8-6155] done synthesizing module 'axi_clock_converter_v2_1_34_lite_async__parameterized2' (0#1) [c:/project9/project1.srcs/sources_1/bd/project1/ipshared/9a28/hdl/axi_clock_converter_v2_1_vl_rfs.v:513]
INFO: [Synth 8-6157] synthesizing module 'axi_infrastructure_v1_1_0_vector2axi' [c:/project9/project1.srcs/sources_1/bd/project1/ipshared/ec67/hdl/axi_infrastructure_v1_1_vl_rfs.v:473]
INFO: [Synth 8-6155] done synthesizing module 'axi_infrastructure_v1_1_0_vector2axi' (0#1) [c:/project9/project1.srcs/sources_1/bd/project1/ipshared/ec67/hdl/axi_infrastructure_v1_1_vl_rfs.v:473]
INFO: [Synth 8-6155] done synthesizing module 'axi_clock_converter_v2_1_34_axi_clock_converter' (0#1) [c:/project9/project1.srcs/sources_1/bd/project1/ipshared/9a28/hdl/axi_clock_converter_v2_1_vl_rfs.v:650]
INFO: [Synth 8-6155] done synthesizing module 'project1_axi_interconnect_0_imp_auto_cc_0' (0#1) [c:/project9/project1.gen/sources_1/bd/project1/ip/project1_axi_interconnect_0_imp_auto_cc_0/synth/project1_axi_interconnect_0_imp_auto_cc_0.v:53]
WARNING: [Synth 8-6014] Unused sequential element dest_req_ext_ff_reg was removed.  [C:/Xilinx/2025.1/Vivado/data/ip/xpm/xpm_cdc/hdl/xpm_cdc.sv:623]
WARNING: [Synth 8-6014] Unused sequential element dest_req_ext_ff_reg was removed.  [C:/Xilinx/2025.1/Vivado/data/ip/xpm/xpm_cdc/hdl/xpm_cdc.sv:623]
WARNING: [Synth 8-6014] Unused sequential element dest_req_ext_ff_reg was removed.  [C:/Xilinx/2025.1/Vivado/data/ip/xpm/xpm_cdc/hdl/xpm_cdc.sv:623]
WARNING: [Synth 8-6014] Unused sequential element dest_req_ext_ff_reg was removed.  [C:/Xilinx/2025.1/Vivado/data/ip/xpm/xpm_cdc/hdl/xpm_cdc.sv:623]
WARNING: [Synth 8-7129] Port m_axi_bid[0] in module axi_infrastructure_v1_1_0_vector2axi is either unconnected or has no load
WARNING: [Synth 8-7129] Port m_axi_buser[0] in module axi_infrastructure_v1_1_0_vector2axi is either unconnected or has no load
WARNING: [Synth 8-7129] Port m_axi_rid[0] in module axi_infrastructure_v1_1_0_vector2axi is either unconnected or has no load
WARNING: [Synth 8-7129] Port m_axi_rlast in module axi_infrastructure_v1_1_0_vector2axi is either unconnected or has no load
WARNING: [Synth 8-7129] Port m_axi_ruser[0] in module axi_infrastructure_v1_1_0_vector2axi is either unconnected or has no load
WARNING: [Synth 8-7129] Port src_clk in module xpm_cdc_single is either unconnected or has no load
WARNING: [Synth 8-7129] Port s_axi_awid[0] in module axi_infrastructure_v1_1_0_axi2vector is either unconnected or has no load
WARNING: [Synth 8-7129] Port s_axi_awlen[7] in module axi_infrastructure_v1_1_0_axi2vector is either unconnected or has no load
WARNING: [Synth 8-7129] Port s_axi_awlen[6] in module axi_infrastructure_v1_1_0_axi2vector is either unconnected or has no load
WARNING: [Synth 8-7129] Port s_axi_awlen[5] in module axi_infrastructure_v1_1_0_axi2vector is either unconnected or has no load
WARNING: [Synth 8-7129] Port s_axi_awlen[4] in module axi_infrastructure_v1_1_0_axi2vector is either unconnected or has no load
WARNING: [Synth 8-7129] Port s_axi_awlen[3] in module axi_infrastructure_v1_1_0_axi2vector is either unconnected or has no load
WARNING: [Synth 8-7129] Port s_axi_awlen[2] in module axi_infrastructure_v1_1_0_axi2vector is either unconnected or has no load
WARNING: [Synth 8-7129] Port s_axi_awlen[1] in module axi_infrastructure_v1_1_0_axi2vector is either unconnected or has no load
WARNING: [Synth 8-7129] Port s_axi_awlen[0] in module axi_infrastructure_v1_1_0_axi2vector is either unconnected or has no load
WARNING: [Synth 8-7129] Port s_axi_awsize[2] in module axi_infrastructure_v1_1_0_axi2vector is either unconnected or has no load
WARNING: [Synth 8-7129] Port s_axi_awsize[1] in module axi_infrastructure_v1_1_0_axi2vector is either unconnected or has no load
WARNING: [Synth 8-7129] Port s_axi_awsize[0] in module axi_infrastructure_v1_1_0_axi2vector is either unconnected or has no load
WARNING: [Synth 8-7129] Port s_axi_awburst[1] in module axi_infrastructure_v1_1_0_axi2vector is either unconnected or has no load
WARNING: [Synth 8-7129] Port s_axi_awburst[0] in module axi_infrastructure_v1_1_0_axi2vector is either unconnected or has no load
WARNING: [Synth 8-7129] Port s_axi_awlock[0] in module axi_infrastructure_v1_1_0_axi2vector is either unconnected or has no load
WARNING: [Synth 8-7129] Port s_axi_awcache[3] in module axi_infrastructure_v1_1_0_axi2vector is either unconnected or has no load
WARNING: [Synth 8-7129] Port s_axi_awcache[2] in module axi_infrastructure_v1_1_0_axi2vector is either unconnected or has no load
WARNING: [Synth 8-7129] Port s_axi_awcache[1] in module axi_infrastructure_v1_1_0_axi2vector is either unconnected or has no load
WARNING: [Synth 8-7129] Port s_axi_awcache[0] in module axi_infrastructure_v1_1_0_axi2vector is either unconnected or has no load
WARNING: [Synth 8-7129] Port s_axi_awregion[3] in module axi_infrastructure_v1_1_0_axi2vector is either unconnected or has no load
WARNING: [Synth 8-7129] Port s_axi_awregion[2] in module axi_infrastructure_v1_1_0_axi2vector is either unconnected or has no load
WARNING: [Synth 8-7129] Port s_axi_awregion[1] in module axi_infrastructure_v1_1_0_axi2vector is either unconnected or has no load
WARNING: [Synth 8-7129] Port s_axi_awregion[0] in module axi_infrastructure_v1_1_0_axi2vector is either unconnected or has no load
WARNING: [Synth 8-7129] Port s_axi_awqos[3] in module axi_infrastructure_v1_1_0_axi2vector is either unconnected or has no load
WARNING: [Synth 8-7129] Port s_axi_awqos[2] in module axi_infrastructure_v1_1_0_axi2vector is either unconnected or has no load
WARNING: [Synth 8-7129] Port s_axi_awqos[1] in module axi_infrastructure_v1_1_0_axi2vector is either unconnected or has no load
WARNING: [Synth 8-7129] Port s_axi_awqos[0] in module axi_infrastructure_v1_1_0_axi2vector is either unconnected or has no load
WARNING: [Synth 8-7129] Port s_axi_awuser[0] in module axi_infrastructure_v1_1_0_axi2vector is either unconnected or has no load
WARNING: [Synth 8-7129] Port s_axi_wid[0] in module axi_infrastructure_v1_1_0_axi2vector is either unconnected or has no load
WARNING: [Synth 8-7129] Port s_axi_wlast in module axi_infrastructure_v1_1_0_axi2vector is either unconnected or has no load
WARNING: [Synth 8-7129] Port s_axi_wuser[0] in module axi_infrastructure_v1_1_0_axi2vector is either unconnected or has no load
WARNING: [Synth 8-7129] Port s_axi_arid[0] in module axi_infrastructure_v1_1_0_axi2vector is either unconnected or has no load
WARNING: [Synth 8-7129] Port s_axi_arlen[7] in module axi_infrastructure_v1_1_0_axi2vector is either unconnected or has no load
WARNING: [Synth 8-7129] Port s_axi_arlen[6] in module axi_infrastructure_v1_1_0_axi2vector is either unconnected or has no load
WARNING: [Synth 8-7129] Port s_axi_arlen[5] in module axi_infrastructure_v1_1_0_axi2vector is either unconnected or has no load
WARNING: [Synth 8-7129] Port s_axi_arlen[4] in module axi_infrastructure_v1_1_0_axi2vector is either unconnected or has no load
WARNING: [Synth 8-7129] Port s_axi_arlen[3] in module axi_infrastructure_v1_1_0_axi2vector is either unconnected or has no load
WARNING: [Synth 8-7129] Port s_axi_arlen[2] in module axi_infrastructure_v1_1_0_axi2vector is either unconnected or has no load
WARNING: [Synth 8-7129] Port s_axi_arlen[1] in module axi_infrastructure_v1_1_0_axi2vector is either unconnected or has no load
WARNING: [Synth 8-7129] Port s_axi_arlen[0] in module axi_infrastructure_v1_1_0_axi2vector is either unconnected or has no load
WARNING: [Synth 8-7129] Port s_axi_arsize[2] in module axi_infrastructure_v1_1_0_axi2vector is either unconnected or has no load
WARNING: [Synth 8-7129] Port s_axi_arsize[1] in module axi_infrastructure_v1_1_0_axi2vector is either unconnected or has no load
WARNING: [Synth 8-7129] Port s_axi_arsize[0] in module axi_infrastructure_v1_1_0_axi2vector is either unconnected or has no load
WARNING: [Synth 8-7129] Port s_axi_arburst[1] in module axi_infrastructure_v1_1_0_axi2vector is either unconnected or has no load
WARNING: [Synth 8-7129] Port s_axi_arburst[0] in module axi_infrastructure_v1_1_0_axi2vector is either unconnected or has no load
WARNING: [Synth 8-7129] Port s_axi_arlock[0] in module axi_infrastructure_v1_1_0_axi2vector is either unconnected or has no load
WARNING: [Synth 8-7129] Port s_axi_arcache[3] in module axi_infrastructure_v1_1_0_axi2vector is either unconnected or has no load
WARNING: [Synth 8-7129] Port s_axi_arcache[2] in module axi_infrastructure_v1_1_0_axi2vector is either unconnected or has no load
WARNING: [Synth 8-7129] Port s_axi_arcache[1] in module axi_infrastructure_v1_1_0_axi2vector is either unconnected or has no load
WARNING: [Synth 8-7129] Port s_axi_arcache[0] in module axi_infrastructure_v1_1_0_axi2vector is either unconnected or has no load
WARNING: [Synth 8-7129] Port s_axi_arregion[3] in module axi_infrastructure_v1_1_0_axi2vector is either unconnected or has no load
WARNING: [Synth 8-7129] Port s_axi_arregion[2] in module axi_infrastructure_v1_1_0_axi2vector is either unconnected or has no load
WARNING: [Synth 8-7129] Port s_axi_arregion[1] in module axi_infrastructure_v1_1_0_axi2vector is either unconnected or has no load
WARNING: [Synth 8-7129] Port s_axi_arregion[0] in module axi_infrastructure_v1_1_0_axi2vector is either unconnected or has no load
WARNING: [Synth 8-7129] Port s_axi_arqos[3] in module axi_infrastructure_v1_1_0_axi2vector is either unconnected or has no load
WARNING: [Synth 8-7129] Port s_axi_arqos[2] in module axi_infrastructure_v1_1_0_axi2vector is either unconnected or has no load
WARNING: [Synth 8-7129] Port s_axi_arqos[1] in module axi_infrastructure_v1_1_0_axi2vector is either unconnected or has no load
WARNING: [Synth 8-7129] Port s_axi_arqos[0] in module axi_infrastructure_v1_1_0_axi2vector is either unconnected or has no load
WARNING: [Synth 8-7129] Port s_axi_aruser[0] in module axi_infrastructure_v1_1_0_axi2vector is either unconnected or has no load
WARNING: [Synth 8-7129] Port s_axi_awid[0] in module axi_clock_converter_v2_1_34_axi_clock_converter is either unconnected or has no load
WARNING: [Synth 8-7129] Port s_axi_awsize[2] in module axi_clock_converter_v2_1_34_axi_clock_converter is either unconnected or has no load
WARNING: [Synth 8-7129] Port s_axi_awsize[1] in module axi_clock_converter_v2_1_34_axi_clock_converter is either unconnected or has no load
WARNING: [Synth 8-7129] Port s_axi_awsize[0] in module axi_clock_converter_v2_1_34_axi_clock_converter is either unconnected or has no load
WARNING: [Synth 8-7129] Port s_axi_awburst[1] in module axi_clock_converter_v2_1_34_axi_clock_converter is either unconnected or has no load
WARNING: [Synth 8-7129] Port s_axi_awburst[0] in module axi_clock_converter_v2_1_34_axi_clock_converter is either unconnected or has no load
WARNING: [Synth 8-7129] Port s_axi_awcache[3] in module axi_clock_converter_v2_1_34_axi_clock_converter is either unconnected or has no load
WARNING: [Synth 8-7129] Port s_axi_awcache[2] in module axi_clock_converter_v2_1_34_axi_clock_converter is either unconnected or has no load
WARNING: [Synth 8-7129] Port s_axi_awcache[1] in module axi_clock_converter_v2_1_34_axi_clock_converter is either unconnected or has no load
WARNING: [Synth 8-7129] Port s_axi_awcache[0] in module axi_clock_converter_v2_1_34_axi_clock_converter is either unconnected or has no load
WARNING: [Synth 8-7129] Port s_axi_awregion[3] in module axi_clock_converter_v2_1_34_axi_clock_converter is either unconnected or has no load
WARNING: [Synth 8-7129] Port s_axi_awregion[2] in module axi_clock_converter_v2_1_34_axi_clock_converter is either unconnected or has no load
WARNING: [Synth 8-7129] Port s_axi_awregion[1] in module axi_clock_converter_v2_1_34_axi_clock_converter is either unconnected or has no load
WARNING: [Synth 8-7129] Port s_axi_awregion[0] in module axi_clock_converter_v2_1_34_axi_clock_converter is either unconnected or has no load
WARNING: [Synth 8-7129] Port s_axi_awqos[3] in module axi_clock_converter_v2_1_34_axi_clock_converter is either unconnected or has no load
WARNING: [Synth 8-7129] Port s_axi_awqos[2] in module axi_clock_converter_v2_1_34_axi_clock_converter is either unconnected or has no load
WARNING: [Synth 8-7129] Port s_axi_awqos[1] in module axi_clock_converter_v2_1_34_axi_clock_converter is either unconnected or has no load
WARNING: [Synth 8-7129] Port s_axi_awqos[0] in module axi_clock_converter_v2_1_34_axi_clock_converter is either unconnected or has no load
WARNING: [Synth 8-7129] Port s_axi_awuser[0] in module axi_clock_converter_v2_1_34_axi_clock_converter is either unconnected or has no load
WARNING: [Synth 8-7129] Port s_axi_wid[0] in module axi_clock_converter_v2_1_34_axi_clock_converter is either unconnected or has no load
WARNING: [Synth 8-7129] Port s_axi_wlast in module axi_clock_converter_v2_1_34_axi_clock_converter is either unconnected or has no load
WARNING: [Synth 8-7129] Port s_axi_wuser[0] in module axi_clock_converter_v2_1_34_axi_clock_converter is either unconnected or has no load
WARNING: [Synth 8-7129] Port s_axi_arid[0] in module axi_clock_converter_v2_1_34_axi_clock_converter is either unconnected or has no load
WARNING: [Synth 8-7129] Port s_axi_arsize[2] in module axi_clock_converter_v2_1_34_axi_clock_converter is either unconnected or has no load
WARNING: [Synth 8-7129] Port s_axi_arsize[1] in module axi_clock_converter_v2_1_34_axi_clock_converter is either unconnected or has no load
WARNING: [Synth 8-7129] Port s_axi_arsize[0] in module axi_clock_converter_v2_1_34_axi_clock_converter is either unconnected or has no load
WARNING: [Synth 8-7129] Port s_axi_arburst[1] in module axi_clock_converter_v2_1_34_axi_clock_converter is either unconnected or has no load
WARNING: [Synth 8-7129] Port s_axi_arburst[0] in module axi_clock_converter_v2_1_34_axi_clock_converter is either unconnected or has no load
WARNING: [Synth 8-7129] Port s_axi_arcache[3] in module axi_clock_converter_v2_1_34_axi_clock_converter is either unconnected or has no load
WARNING: [Synth 8-7129] Port s_axi_arcache[2] in module axi_clock_converter_v2_1_34_axi_clock_converter is either unconnected or has no load
WARNING: [Synth 8-7129] Port s_axi_arcache[1] in module axi_clock_converter_v2_1_34_axi_clock_converter is either unconnected or has no load
WARNING: [Synth 8-7129] Port s_axi_arcache[0] in module axi_clock_converter_v2_1_34_axi_clock_converter is either unconnected or has no load
WARNING: [Synth 8-7129] Port s_axi_arregion[3] in module axi_clock_converter_v2_1_34_axi_clock_converter is either unconnected or has no load
WARNING: [Synth 8-7129] Port s_axi_arregion[2] in module axi_clock_converter_v2_1_34_axi_clock_converter is either unconnected or has no load
WARNING: [Synth 8-7129] Port s_axi_arregion[1] in module axi_clock_converter_v2_1_34_axi_clock_converter is either unconnected or has no load
INFO: [Common 17-14] Message 'Synth 8-7129' appears 100 times and further instances of the messages will be disabled. Use the Tcl command set_msg_config to change the current settings.
---------------------------------------------------------------------------------
Finished RTL Elaboration : Time (s): cpu = 00:00:26 ; elapsed = 00:00:30 . Memory (MB): peak = 1488.473 ; gain = 736.090
---------------------------------------------------------------------------------
---------------------------------------------------------------------------------
Start Handling Custom Attributes
---------------------------------------------------------------------------------
---------------------------------------------------------------------------------
Finished Handling Custom Attributes : Time (s): cpu = 00:00:26 ; elapsed = 00:00:30 . Memory (MB): peak = 1488.473 ; gain = 736.090
---------------------------------------------------------------------------------
---------------------------------------------------------------------------------
Finished RTL Optimization Phase 1 : Time (s): cpu = 00:00:26 ; elapsed = 00:00:30 . Memory (MB): peak = 1488.473 ; gain = 736.090
---------------------------------------------------------------------------------
Netlist sorting complete. Time (s): cpu = 00:00:00 ; elapsed = 00:00:00.019 . Memory (MB): peak = 1488.473 ; gain = 0.000
INFO: [Project 1-570] Preparing netlist for logic optimization

Processing XDC Constraints
Initializing timing engine
Parsing XDC File [c:/project9/project1.gen/sources_1/bd/project1/ip/project1_axi_interconnect_0_imp_auto_cc_0/project1_axi_interconnect_0_imp_auto_cc_0_ooc.xdc] for cell 'inst'
Finished Parsing XDC File [c:/project9/project1.gen/sources_1/bd/project1/ip/project1_axi_interconnect_0_imp_auto_cc_0/project1_axi_interconnect_0_imp_auto_cc_0_ooc.xdc] for cell 'inst'
Parsing XDC File [C:/quad_frame_remapper/quad_frame_remapper.runs/project1_axi_interconnect_0_imp_auto_cc_0_synth_1/dont_touch.xdc]
Finished Parsing XDC File [C:/quad_frame_remapper/quad_frame_remapper.runs/project1_axi_interconnect_0_imp_auto_cc_0_synth_1/dont_touch.xdc]
INFO: [Project 1-236] Implementation specific constraints were found while reading constraint file [C:/Xilinx/2025.1/Vivado/data/ip/xpm/xpm_cdc/tcl/xpm_cdc_handshake.tcl]. These constraints will be ignored for synthesis but will be used in implementation. Impacted constraints are listed in the file [.Xil/project1_axi_interconnect_0_imp_auto_cc_0_propImpl.xdc].
Resolution: To avoid this warning, move constraints listed in [.Xil/project1_axi_interconnect_0_imp_auto_cc_0_propImpl.xdc] to another XDC file and exclude this new file from synthesis with the used_in_synthesis property (File Properties dialog in GUI) and re-run elaboration/synthesis.
INFO: [Project 1-236] Implementation specific constraints were found while reading constraint file [C:/Xilinx/2025.1/Vivado/data/ip/xpm/xpm_cdc/tcl/xpm_cdc_single.tcl]. These constraints will be ignored for synthesis but will be used in implementation. Impacted constraints are listed in the file [.Xil/project1_axi_interconnect_0_imp_auto_cc_0_propImpl.xdc].
Resolution: To avoid this warning, move constraints listed in [.Xil/project1_axi_interconnect_0_imp_auto_cc_0_propImpl.xdc] to another XDC file and exclude this new file from synthesis with the used_in_synthesis property (File Properties dialog in GUI) and re-run elaboration/synthesis.
INFO: [Project 1-1714] 15 XPM XDC files have been applied to the design.
Completed Processing XDC Constraints

Netlist sorting complete. Time (s): cpu = 00:00:00 ; elapsed = 00:00:00.001 . Memory (MB): peak = 1499.980 ; gain = 0.000
INFO: [Project 1-111] Unisim Transformation Summary:
No Unisim elements were transformed.

Constraint Validation Runtime : Time (s): cpu = 00:00:00 ; elapsed = 00:00:00.056 . Memory (MB): peak = 1502.473 ; gain = 2.492
INFO: [Designutils 20-5008] Incremental synthesis strategy off
---------------------------------------------------------------------------------
Finished Constraint Validation : Time (s): cpu = 00:00:43 ; elapsed = 00:00:48 . Memory (MB): peak = 1502.473 ; gain = 750.090
---------------------------------------------------------------------------------
---------------------------------------------------------------------------------
Start Loading Part and Timing Information
---------------------------------------------------------------------------------
Loading part: xc7z020clg400-1
---------------------------------------------------------------------------------
Finished Loading Part and Timing Information : Time (s): cpu = 00:00:43 ; elapsed = 00:00:48 . Memory (MB): peak = 1502.473 ; gain = 750.090
---------------------------------------------------------------------------------
---------------------------------------------------------------------------------
Start Applying 'set_property' XDC Constraints
---------------------------------------------------------------------------------
---------------------------------------------------------------------------------
Finished applying 'set_property' XDC Constraints : Time (s): cpu = 00:00:43 ; elapsed = 00:00:48 . Memory (MB): peak = 1502.473 ; gain = 750.090
---------------------------------------------------------------------------------
INFO: [Synth 8-802] inferred FSM for state register 'src_state_reg' in module 'axi_clock_converter_v2_1_34_lite_async__xdcDup__1'
INFO: [Synth 8-802] inferred FSM for state register 'dest_state_reg' in module 'axi_clock_converter_v2_1_34_lite_async__xdcDup__1'
INFO: [Synth 8-802] inferred FSM for state register 'src_state_reg' in module 'axi_clock_converter_v2_1_34_lite_async'
INFO: [Synth 8-802] inferred FSM for state register 'dest_state_reg' in module 'axi_clock_converter_v2_1_34_lite_async'
INFO: [Synth 8-802] inferred FSM for state register 'src_state_reg' in module 'axi_clock_converter_v2_1_34_lite_async__parameterized0'
INFO: [Synth 8-802] inferred FSM for state register 'dest_state_reg' in module 'axi_clock_converter_v2_1_34_lite_async__parameterized0'
INFO: [Synth 8-802] inferred FSM for state register 'src_state_reg' in module 'axi_clock_converter_v2_1_34_lite_async__parameterized1'
INFO: [Synth 8-802] inferred FSM for state register 'dest_state_reg' in module 'axi_clock_converter_v2_1_34_lite_async__parameterized1'
INFO: [Synth 8-802] inferred FSM for state register 'src_state_reg' in module 'axi_clock_converter_v2_1_34_lite_async__parameterized2'
INFO: [Synth 8-802] inferred FSM for state register 'dest_state_reg' in module 'axi_clock_converter_v2_1_34_lite_async__parameterized2'
---------------------------------------------------------------------------------------------------
                   State |                     New Encoding |                Previous Encoding 
---------------------------------------------------------------------------------------------------
                SRC_IDLE |                               00 |                               00
            SRC_DRV_SEND |                               01 |                               01
       SRC_WAIT_RCV_DONE |                               10 |                               10
---------------------------------------------------------------------------------------------------
INFO: [Synth 8-3354] encoded FSM with state register 'src_state_reg' using encoding 'sequential' in module 'axi_clock_converter_v2_1_34_lite_async__xdcDup__1'
---------------------------------------------------------------------------------------------------
                   State |                     New Encoding |                Previous Encoding 
---------------------------------------------------------------------------------------------------
               DEST_IDLE |                              001 |                               00
          DEST_DRV_VALID |                              010 |                               01
            DEST_DRV_ACK |                              100 |                               10
---------------------------------------------------------------------------------------------------
INFO: [Synth 8-3354] encoded FSM with state register 'dest_state_reg' using encoding 'one-hot' in module 'axi_clock_converter_v2_1_34_lite_async__xdcDup__1'
---------------------------------------------------------------------------------------------------
                   State |                     New Encoding |                Previous Encoding 
---------------------------------------------------------------------------------------------------
                SRC_IDLE |                               00 |                               00
            SRC_DRV_SEND |                               01 |                               01
       SRC_WAIT_RCV_DONE |                               10 |                               10
---------------------------------------------------------------------------------------------------
INFO: [Synth 8-3354] encoded FSM with state register 'src_state_reg' using encoding 'sequential' in module 'axi_clock_converter_v2_1_34_lite_async'
---------------------------------------------------------------------------------------------------
                   State |                     New Encoding |                Previous Encoding 
---------------------------------------------------------------------------------------------------
               DEST_IDLE |                              001 |                               00
          DEST_DRV_VALID |                              010 |                               01
            DEST_DRV_ACK |                              100 |                               10
---------------------------------------------------------------------------------------------------
INFO: [Synth 8-3354] encoded FSM with state register 'dest_state_reg' using encoding 'one-hot' in module 'axi_clock_converter_v2_1_34_lite_async'
---------------------------------------------------------------------------------------------------
                   State |                     New Encoding |                Previous Encoding 
---------------------------------------------------------------------------------------------------
                SRC_IDLE |                               00 |                               00
            SRC_DRV_SEND |                               01 |                               01
       SRC_WAIT_RCV_DONE |                               10 |                               10
---------------------------------------------------------------------------------------------------
INFO: [Synth 8-3354] encoded FSM with state register 'src_state_reg' using encoding 'sequential' in module 'axi_clock_converter_v2_1_34_lite_async__parameterized0'
---------------------------------------------------------------------------------------------------
                   State |                     New Encoding |                Previous Encoding 
---------------------------------------------------------------------------------------------------
               DEST_IDLE |                              001 |                               00
          DEST_DRV_VALID |                              010 |                               01
            DEST_DRV_ACK |                              100 |                               10
---------------------------------------------------------------------------------------------------
INFO: [Synth 8-3354] encoded FSM with state register 'dest_state_reg' using encoding 'one-hot' in module 'axi_clock_converter_v2_1_34_lite_async__parameterized0'
---------------------------------------------------------------------------------------------------
                   State |                     New Encoding |                Previous Encoding 
---------------------------------------------------------------------------------------------------
                SRC_IDLE |                               00 |                               00
            SRC_DRV_SEND |                               01 |                               01
       SRC_WAIT_RCV_DONE |                               10 |                               10
---------------------------------------------------------------------------------------------------
INFO: [Synth 8-3354] encoded FSM with state register 'src_state_reg' using encoding 'sequential' in module 'axi_clock_converter_v2_1_34_lite_async__parameterized1'
---------------------------------------------------------------------------------------------------
                   State |                     New Encoding |                Previous Encoding 
---------------------------------------------------------------------------------------------------
               DEST_IDLE |                              001 |                               00
          DEST_DRV_VALID |                              010 |                               01
            DEST_DRV_ACK |                              100 |                               10
---------------------------------------------------------------------------------------------------
INFO: [Synth 8-3354] encoded FSM with state register 'dest_state_reg' using encoding 'one-hot' in module 'axi_clock_converter_v2_1_34_lite_async__parameterized1'
---------------------------------------------------------------------------------------------------
                   State |                     New Encoding |                Previous Encoding 
---------------------------------------------------------------------------------------------------
                SRC_IDLE |                               00 |                               00
            SRC_DRV_SEND |                               01 |                               01
       SRC_WAIT_RCV_DONE |                               10 |                               10
---------------------------------------------------------------------------------------------------
INFO: [Synth 8-3354] encoded FSM with state register 'src_state_reg' using encoding 'sequential' in module 'axi_clock_converter_v2_1_34_lite_async__parameterized2'
---------------------------------------------------------------------------------------------------
                   State |                     New Encoding |                Previous Encoding 
---------------------------------------------------------------------------------------------------
               DEST_IDLE |                              001 |                               00
          DEST_DRV_VALID |                              010 |                               01
            DEST_DRV_ACK |                              100 |                               10
---------------------------------------------------------------------------------------------------
INFO: [Synth 8-3354] encoded FSM with state register 'dest_state_reg' using encoding 'one-hot' in module 'axi_clock_converter_v2_1_34_lite_async__parameterized2'
---------------------------------------------------------------------------------
Finished RTL Optimization Phase 2 : Time (s): cpu = 00:00:44 ; elapsed = 00:00:49 . Memory (MB): peak = 1502.473 ; gain = 750.090
---------------------------------------------------------------------------------
---------------------------------------------------------------------------------
Start RTL Component Statistics 
---------------------------------------------------------------------------------
Detailed RTL Component Info : 
+---Registers : 
	               36 Bit    Registers := 2     
	               34 Bit    Registers := 2     
	                9 Bit    Registers := 4     
	                4 Bit    Registers := 10    
	                3 Bit    Registers := 10    
	                2 Bit    Registers := 2     
	                1 Bit    Registers := 30    
+---Muxes : 
	   3 Input    2 Bit        Muxes := 5     
	   2 Input    2 Bit        Muxes := 10    
	   2 Input    1 Bit        Muxes := 5     
	   3 Input    1 Bit        Muxes := 50    
---------------------------------------------------------------------------------
Finished RTL Component Statistics 
---------------------------------------------------------------------------------
---------------------------------------------------------------------------------
Start Part Resource Summary
---------------------------------------------------------------------------------
Part Resources:
DSPs: 220 (col length:60)
BRAMs: 280 (col length: RAMB18 60 RAMB36 30)
---------------------------------------------------------------------------------
Finished Part Resource Summary
---------------------------------------------------------------------------------
---------------------------------------------------------------------------------
Start Cross Boundary and Area Optimization
---------------------------------------------------------------------------------
WARNING: [Synth 8-7080] Parallel synthesis criteria is not met
---------------------------------------------------------------------------------
Finished Cross Boundary and Area Optimization : Time (s): cpu = 00:00:47 ; elapsed = 00:00:53 . Memory (MB): peak = 1502.473 ; gain = 750.090
---------------------------------------------------------------------------------
---------------------------------------------------------------------------------
Start Applying XDC Timing Constraints
---------------------------------------------------------------------------------
---------------------------------------------------------------------------------
Finished Applying XDC Timing Constraints : Time (s): cpu = 00:00:59 ; elapsed = 00:01:05 . Memory (MB): peak = 1576.285 ; gain = 823.902
---------------------------------------------------------------------------------
---------------------------------------------------------------------------------
Start Timing Optimization
---------------------------------------------------------------------------------
---------------------------------------------------------------------------------
Finished Timing Optimization : Time (s): cpu = 00:00:59 ; elapsed = 00:01:05 . Memory (MB): peak = 1577.102 ; gain = 824.719
---------------------------------------------------------------------------------
---------------------------------------------------------------------------------
Start Technology Mapping
---------------------------------------------------------------------------------
---------------------------------------------------------------------------------
Finished Technology Mapping : Time (s): cpu = 00:01:00 ; elapsed = 00:01:06 . Memory (MB): peak = 1596.195 ; gain = 843.812
---------------------------------------------------------------------------------
---------------------------------------------------------------------------------
Start IO Insertion
---------------------------------------------------------------------------------
---------------------------------------------------------------------------------
Start Flattening Before IO Insertion
---------------------------------------------------------------------------------
---------------------------------------------------------------------------------
Finished Flattening Before IO Insertion
---------------------------------------------------------------------------------
---------------------------------------------------------------------------------
Start Final Netlist Cleanup
---------------------------------------------------------------------------------
---------------------------------------------------------------------------------
Finished Final Netlist Cleanup
---------------------------------------------------------------------------------
---------------------------------------------------------------------------------
Finished IO Insertion : Time (s): cpu = 00:01:10 ; elapsed = 00:01:16 . Memory (MB): peak = 1821.000 ; gain = 1068.617
---------------------------------------------------------------------------------
---------------------------------------------------------------------------------
Start Renaming Generated Instances
---------------------------------------------------------------------------------
---------------------------------------------------------------------------------
Finished Renaming Generated Instances : Time (s): cpu = 00:01:10 ; elapsed = 00:01:16 . Memory (MB): peak = 1821.000 ; gain = 1068.617
---------------------------------------------------------------------------------
---------------------------------------------------------------------------------
Start Rebuilding User Hierarchy
---------------------------------------------------------------------------------
---------------------------------------------------------------------------------
Finished Rebuilding User Hierarchy : Time (s): cpu = 00:01:10 ; elapsed = 00:01:16 . Memory (MB): peak = 1821.000 ; gain = 1068.617
---------------------------------------------------------------------------------
---------------------------------------------------------------------------------
Start Renaming Generated Ports
---------------------------------------------------------------------------------
---------------------------------------------------------------------------------
Finished Renaming Generated Ports : Time (s): cpu = 00:01:10 ; elapsed = 00:01:16 . Memory (MB): peak = 1821.000 ; gain = 1068.617
---------------------------------------------------------------------------------
---------------------------------------------------------------------------------
Start Handling Custom Attributes
---------------------------------------------------------------------------------
---------------------------------------------------------------------------------
Finished Handling Custom Attributes : Time (s): cpu = 00:01:10 ; elapsed = 00:01:17 . Memory (MB): peak = 1821.000 ; gain = 1068.617
---------------------------------------------------------------------------------
---------------------------------------------------------------------------------
Start Renaming Generated Nets
---------------------------------------------------------------------------------
---------------------------------------------------------------------------------
Finished Renaming Generated Nets : Time (s): cpu = 00:01:10 ; elapsed = 00:01:17 . Memory (MB): peak = 1821.000 ; gain = 1068.617
---------------------------------------------------------------------------------
---------------------------------------------------------------------------------
Start Writing Synthesis Report
---------------------------------------------------------------------------------

Report BlackBoxes: 
+-+--------------+----------+
| |BlackBox name |Instances |
+-+--------------+----------+
+-+--------------+----------+

Report Cell Usage: 
+------+-----+------+
|      |Cell |Count |
+------+-----+------+
|1     |LUT1 |     6|
|2     |LUT2 |    16|
|3     |LUT3 |     7|
|4     |LUT4 |    10|
|5     |LUT5 |    10|
|6     |LUT6 |    20|
|7     |FDRE |   268|
|8     |FDSE |     5|
+------+-----+------+
---------------------------------------------------------------------------------
Finished Writing Synthesis Report : Time (s): cpu = 00:01:10 ; elapsed = 00:01:17 . Memory (MB): peak = 1821.000 ; gain = 1068.617
---------------------------------------------------------------------------------
Synthesis finished with 0 errors, 0 critical warnings and 66 warnings.
Synthesis Optimization Runtime : Time (s): cpu = 00:00:40 ; elapsed = 00:01:12 . Memory (MB): peak = 1821.000 ; gain = 1054.617
Synthesis Optimization Complete : Time (s): cpu = 00:01:10 ; elapsed = 00:01:17 . Memory (MB): peak = 1821.000 ; gain = 1068.617
INFO: [Project 1-571] Translating synthesized netlist
Netlist sorting complete. Time (s): cpu = 00:00:00 ; elapsed = 00:00:00.010 . Memory (MB): peak = 1822.359 ; gain = 0.000
INFO: [Project 1-570] Preparing netlist for logic optimization
INFO: [Opt 31-138] Pushed 0 inverter(s) to 0 load pin(s).
Netlist sorting complete. Time (s): cpu = 00:00:00 ; elapsed = 00:00:00 . Memory (MB): peak = 1826.027 ; gain = 0.000
INFO: [Project 1-111] Unisim Transformation Summary:
No Unisim elements were transformed.

Synth Design complete | Checksum: 7e478bd9
INFO: [Common 17-83] Releasing license: Synthesis
67 Infos, 107 Warnings, 0 Critical Warnings and 0 Errors encountered.
synth_design completed successfully
synth_design: Time (s): cpu = 00:01:17 ; elapsed = 00:01:27 . Memory (MB): peak = 1826.027 ; gain = 1301.520
Write ShapeDB Complete: Time (s): cpu = 00:00:00 ; elapsed = 00:00:00.003 . Memory (MB): peak = 1826.027 ; gain = 0.000
INFO: [Common 17-1381] The checkpoint 'C:/quad_frame_remapper/quad_frame_remapper.runs/project1_axi_interconnect_0_imp_auto_cc_0_synth_1/project1_axi_interconnect_0_imp_auto_cc_0.dcp' has been generated.
INFO: [Coretcl 2-1648] Added synthesis output to IP cache for IP project1_axi_interconnect_0_imp_auto_cc_0, cache-ID = 5becfe3d22e5892e
INFO: [Coretcl 2-1174] Renamed 21 cell refs.
Write ShapeDB Complete: Time (s): cpu = 00:00:00 ; elapsed = 00:00:00.002 . Memory (MB): peak = 1826.027 ; gain = 0.000
INFO: [Common 17-1381] The checkpoint 'C:/quad_frame_remapper/quad_frame_remapper.runs/project1_axi_interconnect_0_imp_auto_cc_0_synth_1/project1_axi_interconnect_0_imp_auto_cc_0.dcp' has been generated.
INFO: [Vivado 12-24828] Executing command : report_utilization -file project1_axi_interconnect_0_imp_auto_cc_0_utilization_synth.rpt -pb project1_axi_interconnect_0_imp_auto_cc_0_utilization_synth.pb
INFO: [Common 17-206] Exiting Vivado at Thu Feb 26 11:50:08 2026...
